  main.cpp
f:\workspace\3d\y3d_max\newm\simplepackingalogorithm\PackingAlogorithm.h(59): warning C4267: 'initializing': conversion from 'size_t' to 'int', possible loss of data
f:\workspace\3d\y3d_max\newm\simplepackingalogorithm\PackingAlogorithm.h(60): warning C4267: 'initializing': conversion from 'size_t' to 'int', possible loss of data
f:\workspace\3d\y3d_max\newm\simplepackingalogorithm\PackingAlogorithm.h(161): warning C4267: 'argument': conversion from 'size_t' to 'int', possible loss of data
f:\workspace\3d\y3d_max\newm\simplepackingalogorithm\PackingAlogorithm.h(164): warning C4267: 'argument': conversion from 'size_t' to 'int', possible loss of data
f:\workspace\3d\y3d_max\newm\simplepackingalogorithm\PackingAlogorithm.h(169): warning C4244: '=': conversion from 'std::size_t' to 'float', possible loss of data
f:\workspace\3d\y3d_max\newm\simplepackingalogorithm\PackingAlogorithm.h(170): warning C4244: '=': conversion from 'std::size_t' to 'float', possible loss of data
f:\workspace\3d\y3d_max\newm\simplepackingalogorithm\PackingAlogorithm.h(171): warning C4244: '=': conversion from 'std::size_t' to 'float', possible loss of data
f:\workspace\3d\y3d_max\newm\simplepackingalogorithm\PackingAlogorithm.h(172): warning C4244: '=': conversion from 'std::size_t' to 'float', possible loss of data
f:\workspace\3d\y3d_max\newm\simplepackingalogorithm\PackingAlogorithm.h(260): warning C4244: 'argument': conversion from 'float' to 'int', possible loss of data
main.cpp(116): warning C4244: 'argument': conversion from 'int' to 'float', possible loss of data
main.cpp(56): warning C4101: 'places': unreferenced local variable
main.cpp(152): warning C4244: 'argument': conversion from 'int' to 'float', possible loss of data
main.cpp(193): warning C4102: 'std': unreferenced label
main.cpp(210): warning C4244: 'argument': conversion from 'int' to 'float', possible loss of data
C:\Program Files (x86)\Microsoft Visual Studio 14.0\VC\include\xmemory0(737): warning C4244: 'argument': conversion from 'int' to 'float', possible loss of data
  C:\Program Files (x86)\Microsoft Visual Studio 14.0\VC\include\xmemory0(857): note: see reference to function template instantiation 'void std::allocator<_Ty>::construct<_Objty,int,int,int,int,bool>(_Objty *,int &&,int &&,int &&,int &&,bool &&)' being compiled
          with
          [
              _Ty=AreaRect,
              _Objty=AreaRect
          ]
  C:\Program Files (x86)\Microsoft Visual Studio 14.0\VC\include\xmemory0(857): note: see reference to function template instantiation 'void std::allocator<_Ty>::construct<_Objty,int,int,int,int,bool>(_Objty *,int &&,int &&,int &&,int &&,bool &&)' being compiled
          with
          [
              _Ty=AreaRect,
              _Objty=AreaRect
          ]
  C:\Program Files (x86)\Microsoft Visual Studio 14.0\VC\include\xmemory0(996): note: see reference to function template instantiation 'void std::allocator_traits<_Alloc>::construct<_Ty,int,int,int,int,bool>(std::allocator<_Ty> &,_Objty *,int &&,int &&,int &&,int &&,bool &&)' being compiled
          with
          [
              _Alloc=std::allocator<AreaRect>,
              _Ty=AreaRect,
              _Objty=AreaRect
          ]
  C:\Program Files (x86)\Microsoft Visual Studio 14.0\VC\include\xmemory0(995): note: see reference to function template instantiation 'void std::allocator_traits<_Alloc>::construct<_Ty,int,int,int,int,bool>(std::allocator<_Ty> &,_Objty *,int &&,int &&,int &&,int &&,bool &&)' being compiled
          with
          [
              _Alloc=std::allocator<AreaRect>,
              _Ty=AreaRect,
              _Objty=AreaRect
          ]
  C:\Program Files (x86)\Microsoft Visual Studio 14.0\VC\include\vector(930): note: see reference to function template instantiation 'void std::_Wrap_alloc<std::allocator<_Ty>>::construct<_Ty,int,int,int,int,bool>(_Ty *,int &&,int &&,int &&,int &&,bool &&)' being compiled
          with
          [
              _Ty=AreaRect
          ]
  C:\Program Files (x86)\Microsoft Visual Studio 14.0\VC\include\vector(929): note: see reference to function template instantiation 'void std::_Wrap_alloc<std::allocator<_Ty>>::construct<_Ty,int,int,int,int,bool>(_Ty *,int &&,int &&,int &&,int &&,bool &&)' being compiled
          with
          [
              _Ty=AreaRect
          ]
  main.cpp(27): note: see reference to function template instantiation 'void std::vector<AreaRect,std::allocator<_Ty>>::emplace_back<int,int,int,int,bool>(int &&,int &&,int &&,int &&,bool &&)' being compiled
          with
          [
              _Ty=AreaRect
          ]
  main.cpp(27): note: see reference to function template instantiation 'void std::vector<AreaRect,std::allocator<_Ty>>::emplace_back<int,int,int,int,bool>(int &&,int &&,int &&,int &&,bool &&)' being compiled
          with
          [
              _Ty=AreaRect
          ]
  Generating code
f:\workspace\3d\y3d_max\newm\simplepackingalogorithm\main.cpp(200): warning C4715: 'test': not all control paths return a value
  11 of 416 functions ( 2.6%) were compiled, the rest were copied from previous compilation.
    6 functions were new in current compilation
    3 functions had inline decision re-evaluated but remain unchanged
  Finished generating code
  SimplePackingAlogorithm.vcxproj -> C:\Program Files\Autodesk\3ds Max 2015 SDK\maxsdk\howto\x64\Release\SimplePackingAlogorithm.exe
  SimplePackingAlogorithm.vcxproj -> C:\Program Files\Autodesk\3ds Max 2015 SDK\maxsdk\howto\x64\Release\SimplePackingAlogorithm.pdb (Full PDB)
