f:\git\3d\y3d\utils\release\vc140.pdb
f:\git\3d\y3d\utils\release\.netframework,version=v4.5.2.assemblyattributes.obj
f:\git\3d\y3d\utils\release\.netframework,version=v4.5.2.assemblyattributes.asm
f:\git\3d\y3d\utils\release\utils.pch
f:\git\3d\y3d\utils\release\stdafx.obj
f:\git\3d\y3d\utils\release\utils.obj
f:\git\3d\y3d\utils\release\assemblyinfo.obj
d:\code\github\3d\y3d\utils\release\utils.pch
d:\code\github\3d\y3d\utils\release\vc140.pdb
d:\code\github\3d\y3d\utils\release\stdafx.obj
d:\code\github\3d\y3d\utils\release\assemblyinfo.obj
f:\git\3d\y3d\release\utils.dll
f:\git\3d\y3d\release\utils.pdb
f:\git\3d\y3d\utils\release\utils.tlog\metagen.write.1.tlog
f:\git\3d\y3d\utils\release\app.res
f:\git\3d\y3d\release\autodesk.max.dll
f:\git\3d\y3d\release\autodesk.max.xml
d:\code\github\3d\y3d\utils\release\utils.vcxprojresolveassemblyreference.cache
d:\code\github\3d\y3d\utils\release\.netframework,version=v4.5.2.assemblyattributes.obj
d:\code\github\3d\y3d\utils\release\app.res
d:\code\github\3d\y3d\release\utils.pdb
d:\code\github\3d\y3d\release\utils.dll
d:\code\github\3d\y3d\utils\release\utils.tlog\cl.command.1.tlog
d:\code\github\3d\y3d\utils\release\utils.tlog\cl.read.1.tlog
d:\code\github\3d\y3d\utils\release\utils.tlog\cl.write.1.tlog
d:\code\github\3d\y3d\utils\release\utils.tlog\link.command.1.tlog
d:\code\github\3d\y3d\utils\release\utils.tlog\link.read.1.tlog
d:\code\github\3d\y3d\utils\release\utils.tlog\link.write.1.tlog
d:\code\github\3d\y3d\utils\release\utils.tlog\metagen.read.1.tlog
d:\code\github\3d\y3d\utils\release\utils.tlog\metagen.write.1.tlog
d:\code\github\3d\y3d\utils\release\utils.tlog\rc.command.1.tlog
d:\code\github\3d\y3d\utils\release\utils.tlog\rc.read.1.tlog
d:\code\github\3d\y3d\utils\release\utils.tlog\rc.write.1.tlog
d:\code\github\3d\y3d\utils\release\utils.tlog\utils.write.1u.tlog
d:\code\github\3d\y3d\utils\release\utils.tlog\autodesk.max.dll.metagen
d:\code\github\3d\y3d\utils\release\utils.tlog\tzres.dll.bi
