f:\workspace\3d\y3d\service\obj\x64\release\create_channel_posix.obj
f:\workspace\3d\y3d\service\obj\x64\release\secure_credentials.obj
f:\workspace\3d\y3d\service\obj\x64\release\secure_create_auth_context.obj
f:\workspace\3d\y3d\service\obj\x64\release\server_cc.obj
f:\workspace\3d\y3d\service\obj\x64\release\string_ref.obj
f:\workspace\3d\y3d\service\obj\x64\release\create_channel_internal.obj
f:\workspace\3d\y3d\service\obj\x64\release\insecure_credentials.obj
f:\workspace\3d\y3d\service\obj\x64\release\secure_auth_context.obj
f:\workspace\3d\y3d\service\obj\x64\release\secure_server_credentials.obj
f:\workspace\3d\y3d\service\obj\x64\release\status.obj
f:\workspace\3d\y3d\service\obj\x64\release\channel_cc.obj
f:\workspace\3d\y3d\service\obj\x64\release\channel_arguments.obj
f:\workspace\3d\y3d\service\obj\x64\release\version_cc.obj
f:\workspace\3d\y3d\service\obj\x64\release\thread_manager.obj
f:\workspace\3d\y3d\service\obj\x64\release\cpp_generator.obj
f:\workspace\3d\y3d\service\obj\x64\release\completion_queue_cc.obj
f:\workspace\3d\y3d\service\obj\x64\release\dynamic_thread_pool.obj
f:\workspace\3d\y3d\service\obj\x64\release\server_posix.obj
f:\workspace\3d\y3d\service\obj\x64\release\create_channel.obj
f:\workspace\3d\y3d\service\obj\x64\release\auth_property_iterator.obj
f:\workspace\3d\y3d\service\obj\x64\release\core_codegen.obj
f:\workspace\3d\y3d\service\obj\x64\release\async_generic_service.obj
f:\workspace\3d\y3d\service\obj\x64\release\byte_buffer_cc.obj
f:\workspace\3d\y3d\service\obj\x64\release\time_cc.obj
f:\workspace\3d\y3d\service\obj\x64\release\cpp_plugin.obj
f:\workspace\3d\y3d\service\obj\x64\release\channel_filter.obj
f:\workspace\3d\y3d\service\obj\x64\release\secure_channel_arguments.obj
f:\workspace\3d\y3d\service\obj\x64\release\server_builder.obj
f:\workspace\3d\y3d\service\obj\x64\release\dllentry.obj
f:\workspace\3d\y3d\service\obj\x64\release\client_context.obj
f:\workspace\3d\y3d\service\obj\x64\release\codegen_init.obj
f:\workspace\3d\y3d\service\obj\x64\release\resource_quota_cc.obj
f:\workspace\3d\y3d\service\obj\x64\release\create_default_thread_pool.obj
f:\workspace\3d\y3d\service\obj\x64\release\server_context.obj
f:\workspace\3d\y3d\service\obj\x64\release\credentials_cc.obj
f:\workspace\3d\y3d\service\obj\x64\release\generic_stub.obj
f:\workspace\3d\y3d\service\obj\x64\release\rpc_method.obj
f:\workspace\3d\y3d\service\obj\x64\release\insecure_server_credentials.obj
f:\workspace\3d\y3d\service\obj\x64\release\server_credentials.obj
f:\workspace\3d\y3d\service\obj\x64\release\slice_cc.obj
f:\workspace\3d\y3d\service\obj\x64\release\vc140.pdb
f:\workspace\3d\y3d\service\obj\x64\release\service.tlog\cl.command.1.tlog
f:\workspace\3d\y3d\service\obj\x64\release\service.tlog\cl.read.1.tlog
f:\workspace\3d\y3d\service\obj\x64\release\service.tlog\cl.write.1.tlog
