  ylogservice.pb.cc
f:\workspace\3d\y3d\service\grpc\third_party\protobuf\src\google\protobuf\stubs\logging.h(100): warning C4251: 'google::protobuf::internal::LogMessage::message_': class 'std::basic_string<char,std::char_traits<char>,std::allocator<char>>' needs to have dll-interface to be used by clients of class 'google::protobuf::internal::LogMessage'
  c:\program files (x86)\microsoft visual studio 14.0\vc\include\xstring(2633): note: see declaration of 'std::basic_string<char,std::char_traits<char>,std::allocator<char>>'
f:\workspace\3d\y3d\service\grpc\third_party\protobuf\src\google\protobuf\arena.h(555): warning C4251: 'google::protobuf::Arena::lifecycle_id_generator_': class 'google::protobuf::internal::SequenceNumber' needs to have dll-interface to be used by clients of class 'google::protobuf::Arena'
  f:\workspace\3d\y3d\service\grpc\third_party\protobuf\src\google\protobuf\stubs\atomic_sequence_num.h(39): note: see declaration of 'google::protobuf::internal::SequenceNumber'
f:\workspace\3d\y3d\service\grpc\third_party\protobuf\src\google\protobuf\arena.h(914): warning C4251: 'google::protobuf::Arena::options_': struct 'google::protobuf::ArenaOptions' needs to have dll-interface to be used by clients of class 'google::protobuf::Arena'
  f:\workspace\3d\y3d\service\grpc\third_party\protobuf\src\google\protobuf\arena.h(90): note: see declaration of 'google::protobuf::ArenaOptions'
f:\workspace\3d\y3d\service\grpc\third_party\protobuf\src\google\protobuf\descriptor.h(1626): warning C4251: 'google::protobuf::DescriptorPool::tables_': class 'google::protobuf::internal::scoped_ptr<google::protobuf::DescriptorPool::Tables>' needs to have dll-interface to be used by clients of class 'google::protobuf::DescriptorPool'
  f:\workspace\3d\y3d\service\grpc\third_party\protobuf\src\google\protobuf\descriptor.h(1626): note: see declaration of 'google::protobuf::internal::scoped_ptr<google::protobuf::DescriptorPool::Tables>'
f:\workspace\3d\y3d\service\grpc\third_party\protobuf\src\google\protobuf\descriptor.h(1631): warning C4251: 'google::protobuf::DescriptorPool::unused_import_track_files_': class 'std::set<std::string,std::less<_Kty>,std::allocator<_Ty>>' needs to have dll-interface to be used by clients of class 'google::protobuf::DescriptorPool'
          with
          [
              _Kty=std::string,
              _Ty=std::string
          ]
  f:\workspace\3d\y3d\service\grpc\third_party\protobuf\src\google\protobuf\descriptor.h(1631): note: see declaration of 'std::set<std::string,std::less<_Kty>,std::allocator<_Ty>>'
          with
          [
              _Kty=std::string,
              _Ty=std::string
          ]
f:\workspace\3d\y3d\service\grpc\third_party\protobuf\src\google\protobuf\extension_set.h(632): warning C4251: 'google::protobuf::internal::ExtensionSet::extensions_': class 'std::map<int,google::protobuf::internal::ExtensionSet::Extension,std::less<int>,std::allocator<std::pair<const _Kty,_Ty>>>' needs to have dll-interface to be used by clients of class 'google::protobuf::internal::ExtensionSet'
          with
          [
              _Kty=int,
              _Ty=google::protobuf::internal::ExtensionSet::Extension
          ]
  f:\workspace\3d\y3d\service\grpc\third_party\protobuf\src\google\protobuf\extension_set.h(561): note: see declaration of 'std::map<int,google::protobuf::internal::ExtensionSet::Extension,std::less<int>,std::allocator<std::pair<const _Kty,_Ty>>>'
          with
          [
              _Kty=int,
              _Ty=google::protobuf::internal::ExtensionSet::Extension
          ]
f:\workspace\3d\y3d\service\grpc\third_party\protobuf\src\google\protobuf\descriptor.pb.h(270): warning C4251: 'google::protobuf::FileDescriptorSet::file_': class 'google::protobuf::RepeatedPtrField<google::protobuf::FileDescriptorProto>' needs to have dll-interface to be used by clients of class 'google::protobuf::FileDescriptorSet'
  f:\workspace\3d\y3d\service\grpc\third_party\protobuf\src\google\protobuf\descriptor.pb.h(259): note: see declaration of 'google::protobuf::RepeatedPtrField<google::protobuf::FileDescriptorProto>'
f:\workspace\3d\y3d\service\grpc\third_party\protobuf\src\google\protobuf\descriptor.pb.h(508): warning C4251: 'google::protobuf::FileDescriptorProto::dependency_': class 'google::protobuf::RepeatedPtrField<std::string>' needs to have dll-interface to be used by clients of class 'google::protobuf::FileDescriptorProto'
  f:\workspace\3d\y3d\service\grpc\third_party\protobuf\src\google\protobuf\message.h(1098): note: see declaration of 'google::protobuf::RepeatedPtrField<std::string>'
f:\workspace\3d\y3d\service\grpc\third_party\protobuf\src\google\protobuf\descriptor.pb.h(509): warning C4251: 'google::protobuf::FileDescriptorProto::public_dependency_': class 'google::protobuf::RepeatedField<google::protobuf::int32>' needs to have dll-interface to be used by clients of class 'google::protobuf::FileDescriptorProto'
  f:\workspace\3d\y3d\service\grpc\third_party\protobuf\src\google\protobuf\message.h(1080): note: see declaration of 'google::protobuf::RepeatedField<google::protobuf::int32>'
f:\workspace\3d\y3d\service\grpc\third_party\protobuf\src\google\protobuf\descriptor.pb.h(510): warning C4251: 'google::protobuf::FileDescriptorProto::weak_dependency_': class 'google::protobuf::RepeatedField<google::protobuf::int32>' needs to have dll-interface to be used by clients of class 'google::protobuf::FileDescriptorProto'
  f:\workspace\3d\y3d\service\grpc\third_party\protobuf\src\google\protobuf\message.h(1080): note: see declaration of 'google::protobuf::RepeatedField<google::protobuf::int32>'
f:\workspace\3d\y3d\service\grpc\third_party\protobuf\src\google\protobuf\descriptor.pb.h(511): warning C4251: 'google::protobuf::FileDescriptorProto::message_type_': class 'google::protobuf::RepeatedPtrField<google::protobuf::DescriptorProto>' needs to have dll-interface to be used by clients of class 'google::protobuf::FileDescriptorProto'
  f:\workspace\3d\y3d\service\grpc\third_party\protobuf\src\google\protobuf\descriptor.pb.h(419): note: see declaration of 'google::protobuf::RepeatedPtrField<google::protobuf::DescriptorProto>'
f:\workspace\3d\y3d\service\grpc\third_party\protobuf\src\google\protobuf\descriptor.pb.h(512): warning C4251: 'google::protobuf::FileDescriptorProto::enum_type_': class 'google::protobuf::RepeatedPtrField<google::protobuf::EnumDescriptorProto>' needs to have dll-interface to be used by clients of class 'google::protobuf::FileDescriptorProto'
  f:\workspace\3d\y3d\service\grpc\third_party\protobuf\src\google\protobuf\descriptor.pb.h(431): note: see declaration of 'google::protobuf::RepeatedPtrField<google::protobuf::EnumDescriptorProto>'
f:\workspace\3d\y3d\service\grpc\third_party\protobuf\src\google\protobuf\descriptor.pb.h(513): warning C4251: 'google::protobuf::FileDescriptorProto::service_': class 'google::protobuf::RepeatedPtrField<google::protobuf::ServiceDescriptorProto>' needs to have dll-interface to be used by clients of class 'google::protobuf::FileDescriptorProto'
  f:\workspace\3d\y3d\service\grpc\third_party\protobuf\src\google\protobuf\descriptor.pb.h(443): note: see declaration of 'google::protobuf::RepeatedPtrField<google::protobuf::ServiceDescriptorProto>'
f:\workspace\3d\y3d\service\grpc\third_party\protobuf\src\google\protobuf\descriptor.pb.h(514): warning C4251: 'google::protobuf::FileDescriptorProto::extension_': class 'google::protobuf::RepeatedPtrField<google::protobuf::FieldDescriptorProto>' needs to have dll-interface to be used by clients of class 'google::protobuf::FileDescriptorProto'
  f:\workspace\3d\y3d\service\grpc\third_party\protobuf\src\google\protobuf\descriptor.pb.h(455): note: see declaration of 'google::protobuf::RepeatedPtrField<google::protobuf::FieldDescriptorProto>'
f:\workspace\3d\y3d\service\grpc\third_party\protobuf\src\google\protobuf\descriptor.pb.h(936): warning C4251: 'google::protobuf::DescriptorProto::field_': class 'google::protobuf::RepeatedPtrField<google::protobuf::FieldDescriptorProto>' needs to have dll-interface to be used by clients of class 'google::protobuf::DescriptorProto'
  f:\workspace\3d\y3d\service\grpc\third_party\protobuf\src\google\protobuf\descriptor.pb.h(455): note: see declaration of 'google::protobuf::RepeatedPtrField<google::protobuf::FieldDescriptorProto>'
f:\workspace\3d\y3d\service\grpc\third_party\protobuf\src\google\protobuf\descriptor.pb.h(937): warning C4251: 'google::protobuf::DescriptorProto::extension_': class 'google::protobuf::RepeatedPtrField<google::protobuf::FieldDescriptorProto>' needs to have dll-interface to be used by clients of class 'google::protobuf::DescriptorProto'
  f:\workspace\3d\y3d\service\grpc\third_party\protobuf\src\google\protobuf\descriptor.pb.h(455): note: see declaration of 'google::protobuf::RepeatedPtrField<google::protobuf::FieldDescriptorProto>'
f:\workspace\3d\y3d\service\grpc\third_party\protobuf\src\google\protobuf\descriptor.pb.h(938): warning C4251: 'google::protobuf::DescriptorProto::nested_type_': class 'google::protobuf::RepeatedPtrField<google::protobuf::DescriptorProto>' needs to have dll-interface to be used by clients of class 'google::protobuf::DescriptorProto'
  f:\workspace\3d\y3d\service\grpc\third_party\protobuf\src\google\protobuf\descriptor.pb.h(419): note: see declaration of 'google::protobuf::RepeatedPtrField<google::protobuf::DescriptorProto>'
f:\workspace\3d\y3d\service\grpc\third_party\protobuf\src\google\protobuf\descriptor.pb.h(939): warning C4251: 'google::protobuf::DescriptorProto::enum_type_': class 'google::protobuf::RepeatedPtrField<google::protobuf::EnumDescriptorProto>' needs to have dll-interface to be used by clients of class 'google::protobuf::DescriptorProto'
  f:\workspace\3d\y3d\service\grpc\third_party\protobuf\src\google\protobuf\descriptor.pb.h(431): note: see declaration of 'google::protobuf::RepeatedPtrField<google::protobuf::EnumDescriptorProto>'
f:\workspace\3d\y3d\service\grpc\third_party\protobuf\src\google\protobuf\descriptor.pb.h(940): warning C4251: 'google::protobuf::DescriptorProto::extension_range_': class 'google::protobuf::RepeatedPtrField<google::protobuf::DescriptorProto_ExtensionRange>' needs to have dll-interface to be used by clients of class 'google::protobuf::DescriptorProto'
  f:\workspace\3d\y3d\service\grpc\third_party\protobuf\src\google\protobuf\descriptor.pb.h(871): note: see declaration of 'google::protobuf::RepeatedPtrField<google::protobuf::DescriptorProto_ExtensionRange>'
f:\workspace\3d\y3d\service\grpc\third_party\protobuf\src\google\protobuf\descriptor.pb.h(941): warning C4251: 'google::protobuf::DescriptorProto::oneof_decl_': class 'google::protobuf::RepeatedPtrField<google::protobuf::OneofDescriptorProto>' needs to have dll-interface to be used by clients of class 'google::protobuf::DescriptorProto'
  f:\workspace\3d\y3d\service\grpc\third_party\protobuf\src\google\protobuf\descriptor.pb.h(883): note: see declaration of 'google::protobuf::RepeatedPtrField<google::protobuf::OneofDescriptorProto>'
f:\workspace\3d\y3d\service\grpc\third_party\protobuf\src\google\protobuf\descriptor.pb.h(943): warning C4251: 'google::protobuf::DescriptorProto::reserved_range_': class 'google::protobuf::RepeatedPtrField<google::protobuf::DescriptorProto_ReservedRange>' needs to have dll-interface to be used by clients of class 'google::protobuf::DescriptorProto'
  f:\workspace\3d\y3d\service\grpc\third_party\protobuf\src\google\protobuf\descriptor.pb.h(904): note: see declaration of 'google::protobuf::RepeatedPtrField<google::protobuf::DescriptorProto_ReservedRange>'
f:\workspace\3d\y3d\service\grpc\third_party\protobuf\src\google\protobuf\descriptor.pb.h(944): warning C4251: 'google::protobuf::DescriptorProto::reserved_name_': class 'google::protobuf::RepeatedPtrField<std::string>' needs to have dll-interface to be used by clients of class 'google::protobuf::DescriptorProto'
  f:\workspace\3d\y3d\service\grpc\third_party\protobuf\src\google\protobuf\message.h(1098): note: see declaration of 'google::protobuf::RepeatedPtrField<std::string>'
f:\workspace\3d\y3d\service\grpc\third_party\protobuf\src\google\protobuf\descriptor.pb.h(1472): warning C4251: 'google::protobuf::EnumDescriptorProto::value_': class 'google::protobuf::RepeatedPtrField<google::protobuf::EnumValueDescriptorProto>' needs to have dll-interface to be used by clients of class 'google::protobuf::EnumDescriptorProto'
  f:\workspace\3d\y3d\service\grpc\third_party\protobuf\src\google\protobuf\descriptor.pb.h(1447): note: see declaration of 'google::protobuf::RepeatedPtrField<google::protobuf::EnumValueDescriptorProto>'
f:\workspace\3d\y3d\service\grpc\third_party\protobuf\src\google\protobuf\descriptor.pb.h(1715): warning C4251: 'google::protobuf::ServiceDescriptorProto::method_': class 'google::protobuf::RepeatedPtrField<google::protobuf::MethodDescriptorProto>' needs to have dll-interface to be used by clients of class 'google::protobuf::ServiceDescriptorProto'
  f:\workspace\3d\y3d\service\grpc\third_party\protobuf\src\google\protobuf\descriptor.pb.h(1690): note: see declaration of 'google::protobuf::RepeatedPtrField<google::protobuf::MethodDescriptorProto>'
f:\workspace\3d\y3d\service\grpc\third_party\protobuf\src\google\protobuf\descriptor.pb.h(2164): warning C4251: 'google::protobuf::FileOptions::uninterpreted_option_': class 'google::protobuf::RepeatedPtrField<google::protobuf::UninterpretedOption>' needs to have dll-interface to be used by clients of class 'google::protobuf::FileOptions'
  f:\workspace\3d\y3d\service\grpc\third_party\protobuf\src\google\protobuf\descriptor.pb.h(2112): note: see declaration of 'google::protobuf::RepeatedPtrField<google::protobuf::UninterpretedOption>'
f:\workspace\3d\y3d\service\grpc\third_party\protobuf\src\google\protobuf\descriptor.pb.h(2303): warning C4251: 'google::protobuf::MessageOptions::uninterpreted_option_': class 'google::protobuf::RepeatedPtrField<google::protobuf::UninterpretedOption>' needs to have dll-interface to be used by clients of class 'google::protobuf::MessageOptions'
  f:\workspace\3d\y3d\service\grpc\third_party\protobuf\src\google\protobuf\descriptor.pb.h(2112): note: see declaration of 'google::protobuf::RepeatedPtrField<google::protobuf::UninterpretedOption>'
f:\workspace\3d\y3d\service\grpc\third_party\protobuf\src\google\protobuf\descriptor.pb.h(2518): warning C4251: 'google::protobuf::FieldOptions::uninterpreted_option_': class 'google::protobuf::RepeatedPtrField<google::protobuf::UninterpretedOption>' needs to have dll-interface to be used by clients of class 'google::protobuf::FieldOptions'
  f:\workspace\3d\y3d\service\grpc\third_party\protobuf\src\google\protobuf\descriptor.pb.h(2112): note: see declaration of 'google::protobuf::RepeatedPtrField<google::protobuf::UninterpretedOption>'
f:\workspace\3d\y3d\service\grpc\third_party\protobuf\src\google\protobuf\descriptor.pb.h(2621): warning C4251: 'google::protobuf::OneofOptions::uninterpreted_option_': class 'google::protobuf::RepeatedPtrField<google::protobuf::UninterpretedOption>' needs to have dll-interface to be used by clients of class 'google::protobuf::OneofOptions'
  f:\workspace\3d\y3d\service\grpc\third_party\protobuf\src\google\protobuf\descriptor.pb.h(2112): note: see declaration of 'google::protobuf::RepeatedPtrField<google::protobuf::UninterpretedOption>'
f:\workspace\3d\y3d\service\grpc\third_party\protobuf\src\google\protobuf\descriptor.pb.h(2738): warning C4251: 'google::protobuf::EnumOptions::uninterpreted_option_': class 'google::protobuf::RepeatedPtrField<google::protobuf::UninterpretedOption>' needs to have dll-interface to be used by clients of class 'google::protobuf::EnumOptions'
  f:\workspace\3d\y3d\service\grpc\third_party\protobuf\src\google\protobuf\descriptor.pb.h(2112): note: see declaration of 'google::protobuf::RepeatedPtrField<google::protobuf::UninterpretedOption>'
f:\workspace\3d\y3d\service\grpc\third_party\protobuf\src\google\protobuf\descriptor.pb.h(2848): warning C4251: 'google::protobuf::EnumValueOptions::uninterpreted_option_': class 'google::protobuf::RepeatedPtrField<google::protobuf::UninterpretedOption>' needs to have dll-interface to be used by clients of class 'google::protobuf::EnumValueOptions'
  f:\workspace\3d\y3d\service\grpc\third_party\protobuf\src\google\protobuf\descriptor.pb.h(2112): note: see declaration of 'google::protobuf::RepeatedPtrField<google::protobuf::UninterpretedOption>'
f:\workspace\3d\y3d\service\grpc\third_party\protobuf\src\google\protobuf\descriptor.pb.h(2957): warning C4251: 'google::protobuf::ServiceOptions::uninterpreted_option_': class 'google::protobuf::RepeatedPtrField<google::protobuf::UninterpretedOption>' needs to have dll-interface to be used by clients of class 'google::protobuf::ServiceOptions'
  f:\workspace\3d\y3d\service\grpc\third_party\protobuf\src\google\protobuf\descriptor.pb.h(2112): note: see declaration of 'google::protobuf::RepeatedPtrField<google::protobuf::UninterpretedOption>'
f:\workspace\3d\y3d\service\grpc\third_party\protobuf\src\google\protobuf\descriptor.pb.h(3066): warning C4251: 'google::protobuf::MethodOptions::uninterpreted_option_': class 'google::protobuf::RepeatedPtrField<google::protobuf::UninterpretedOption>' needs to have dll-interface to be used by clients of class 'google::protobuf::MethodOptions'
  f:\workspace\3d\y3d\service\grpc\third_party\protobuf\src\google\protobuf\descriptor.pb.h(2112): note: see declaration of 'google::protobuf::RepeatedPtrField<google::protobuf::UninterpretedOption>'
f:\workspace\3d\y3d\service\grpc\third_party\protobuf\src\google\protobuf\descriptor.pb.h(3345): warning C4251: 'google::protobuf::UninterpretedOption::name_': class 'google::protobuf::RepeatedPtrField<google::protobuf::UninterpretedOption_NamePart>' needs to have dll-interface to be used by clients of class 'google::protobuf::UninterpretedOption'
  f:\workspace\3d\y3d\service\grpc\third_party\protobuf\src\google\protobuf\descriptor.pb.h(3265): note: see declaration of 'google::protobuf::RepeatedPtrField<google::protobuf::UninterpretedOption_NamePart>'
f:\workspace\3d\y3d\service\grpc\third_party\protobuf\src\google\protobuf\descriptor.pb.h(3503): warning C4251: 'google::protobuf::SourceCodeInfo_Location::path_': class 'google::protobuf::RepeatedField<google::protobuf::int32>' needs to have dll-interface to be used by clients of class 'google::protobuf::SourceCodeInfo_Location'
  f:\workspace\3d\y3d\service\grpc\third_party\protobuf\src\google\protobuf\message.h(1080): note: see declaration of 'google::protobuf::RepeatedField<google::protobuf::int32>'
f:\workspace\3d\y3d\service\grpc\third_party\protobuf\src\google\protobuf\descriptor.pb.h(3505): warning C4251: 'google::protobuf::SourceCodeInfo_Location::span_': class 'google::protobuf::RepeatedField<google::protobuf::int32>' needs to have dll-interface to be used by clients of class 'google::protobuf::SourceCodeInfo_Location'
  f:\workspace\3d\y3d\service\grpc\third_party\protobuf\src\google\protobuf\message.h(1080): note: see declaration of 'google::protobuf::RepeatedField<google::protobuf::int32>'
f:\workspace\3d\y3d\service\grpc\third_party\protobuf\src\google\protobuf\descriptor.pb.h(3509): warning C4251: 'google::protobuf::SourceCodeInfo_Location::leading_detached_comments_': class 'google::protobuf::RepeatedPtrField<std::string>' needs to have dll-interface to be used by clients of class 'google::protobuf::SourceCodeInfo_Location'
  f:\workspace\3d\y3d\service\grpc\third_party\protobuf\src\google\protobuf\message.h(1098): note: see declaration of 'google::protobuf::RepeatedPtrField<std::string>'
f:\workspace\3d\y3d\service\grpc\third_party\protobuf\src\google\protobuf\descriptor.pb.h(3607): warning C4251: 'google::protobuf::SourceCodeInfo::location_': class 'google::protobuf::RepeatedPtrField<google::protobuf::SourceCodeInfo_Location>' needs to have dll-interface to be used by clients of class 'google::protobuf::SourceCodeInfo'
  f:\workspace\3d\y3d\service\grpc\third_party\protobuf\src\google\protobuf\descriptor.pb.h(3596): note: see declaration of 'google::protobuf::RepeatedPtrField<google::protobuf::SourceCodeInfo_Location>'
f:\workspace\3d\y3d\service\grpc\third_party\protobuf\src\google\protobuf\descriptor.pb.h(3735): warning C4251: 'google::protobuf::GeneratedCodeInfo_Annotation::path_': class 'google::protobuf::RepeatedField<google::protobuf::int32>' needs to have dll-interface to be used by clients of class 'google::protobuf::GeneratedCodeInfo_Annotation'
  f:\workspace\3d\y3d\service\grpc\third_party\protobuf\src\google\protobuf\message.h(1080): note: see declaration of 'google::protobuf::RepeatedField<google::protobuf::int32>'
f:\workspace\3d\y3d\service\grpc\third_party\protobuf\src\google\protobuf\descriptor.pb.h(3837): warning C4251: 'google::protobuf::GeneratedCodeInfo::annotation_': class 'google::protobuf::RepeatedPtrField<google::protobuf::GeneratedCodeInfo_Annotation>' needs to have dll-interface to be used by clients of class 'google::protobuf::GeneratedCodeInfo'
  f:\workspace\3d\y3d\service\grpc\third_party\protobuf\src\google\protobuf\descriptor.pb.h(3826): note: see declaration of 'google::protobuf::RepeatedPtrField<google::protobuf::GeneratedCodeInfo_Annotation>'
f:\workspace\3d\y3d\serviceimpl\ylogservice.pb.cc(77): warning C4273: 'y3d::protobuf_AddDesc_ylogservice_2eproto': inconsistent dll linkage
  f:\workspace\3d\y3d\include\ylogservice.pb.h(36): note: see previous definition of 'protobuf_AddDesc_ylogservice_2eproto'
f:\workspace\3d\y3d\serviceimpl\ylogservice.pb.cc(107): warning C4273: 'kMessageFieldNumber': inconsistent dll linkage
  f:\workspace\3d\y3d\include\ylogservice.pb.h(106): note: see previous definition of 'public: static int const y3d::LogMessage::kMessageFieldNumber'
f:\workspace\3d\y3d\serviceimpl\ylogservice.pb.cc(111): warning C4273: 'y3d::LogMessage::LogMessage': inconsistent dll linkage
  f:\workspace\3d\y3d\include\ylogservice.pb.h(46): note: see previous definition of '{ctor}'
f:\workspace\3d\y3d\serviceimpl\ylogservice.pb.cc(116): warning C4273: 'y3d::LogMessage::InitAsDefaultInstance': inconsistent dll linkage
  f:\workspace\3d\y3d\include\ylogservice.pb.h(126): note: see previous definition of 'InitAsDefaultInstance'
f:\workspace\3d\y3d\serviceimpl\ylogservice.pb.cc(121): warning C4273: 'y3d::LogMessage::LogMessage': inconsistent dll linkage
  f:\workspace\3d\y3d\include\ylogservice.pb.h(49): note: see previous definition of '{ctor}'
f:\workspace\3d\y3d\serviceimpl\ylogservice.pb.cc(128): warning C4273: 'y3d::LogMessage::SharedCtor': inconsistent dll linkage
  f:\workspace\3d\y3d\include\ylogservice.pb.h(85): note: see previous definition of 'SharedCtor'
f:\workspace\3d\y3d\serviceimpl\ylogservice.pb.cc(135): warning C4273: 'y3d::LogMessage::~LogMessage': inconsistent dll linkage
  f:\workspace\3d\y3d\include\ylogservice.pb.h(47): note: see previous definition of '{dtor}'
f:\workspace\3d\y3d\serviceimpl\ylogservice.pb.cc(140): warning C4273: 'y3d::LogMessage::SharedDtor': inconsistent dll linkage
  f:\workspace\3d\y3d\include\ylogservice.pb.h(86): note: see previous definition of 'SharedDtor'
f:\workspace\3d\y3d\serviceimpl\ylogservice.pb.cc(146): warning C4273: 'y3d::LogMessage::SetCachedSize': inconsistent dll linkage
  f:\workspace\3d\y3d\include\ylogservice.pb.h(87): note: see previous definition of 'SetCachedSize'
f:\workspace\3d\y3d\serviceimpl\ylogservice.pb.cc(151): warning C4273: 'y3d::LogMessage::descriptor': inconsistent dll linkage
  f:\workspace\3d\y3d\include\ylogservice.pb.h(56): note: see previous definition of 'descriptor'
f:\workspace\3d\y3d\serviceimpl\ylogservice.pb.cc(156): warning C4273: 'y3d::LogMessage::default_instance': inconsistent dll linkage
  f:\workspace\3d\y3d\include\ylogservice.pb.h(57): note: see previous definition of 'default_instance'
f:\workspace\3d\y3d\serviceimpl\ylogservice.pb.cc(161): warning C4273: 'default_instance_': inconsistent dll linkage
  f:\workspace\3d\y3d\include\ylogservice.pb.h(127): note: see previous definition of 'private: static y3d::LogMessage * y3d::LogMessage::default_instance_'
f:\workspace\3d\y3d\serviceimpl\ylogservice.pb.cc(161): error C2491: 'y3d::LogMessage::default_instance_': definition of dllimport static data member not allowed
f:\workspace\3d\y3d\serviceimpl\ylogservice.pb.cc(163): warning C4273: 'y3d::LogMessage::New': inconsistent dll linkage
  f:\workspace\3d\y3d\include\ylogservice.pb.h(65): note: see previous definition of 'New'
f:\workspace\3d\y3d\serviceimpl\ylogservice.pb.cc(171): warning C4273: 'y3d::LogMessage::Clear': inconsistent dll linkage
  f:\workspace\3d\y3d\include\ylogservice.pb.h(70): note: see previous definition of 'Clear'
f:\workspace\3d\y3d\serviceimpl\ylogservice.pb.cc(177): warning C4273: 'y3d::LogMessage::MergePartialFromCodedStream': inconsistent dll linkage
  f:\workspace\3d\y3d\include\ylogservice.pb.h(74): note: see previous definition of 'MergePartialFromCodedStream'
f:\workspace\3d\y3d\serviceimpl\ylogservice.pb.cc(224): warning C4273: 'y3d::LogMessage::SerializeWithCachedSizes': inconsistent dll linkage
  f:\workspace\3d\y3d\include\ylogservice.pb.h(76): note: see previous definition of 'SerializeWithCachedSizes'
f:\workspace\3d\y3d\serviceimpl\ylogservice.pb.cc(240): warning C4273: 'y3d::LogMessage::InternalSerializeWithCachedSizesToArray': inconsistent dll linkage
  f:\workspace\3d\y3d\include\ylogservice.pb.h(78): note: see previous definition of 'InternalSerializeWithCachedSizesToArray'
f:\workspace\3d\y3d\serviceimpl\ylogservice.pb.cc(258): warning C4273: 'y3d::LogMessage::ByteSize': inconsistent dll linkage
  f:\workspace\3d\y3d\include\ylogservice.pb.h(73): note: see previous definition of 'ByteSize'
f:\workspace\3d\y3d\serviceimpl\ylogservice.pb.cc(275): warning C4273: 'y3d::LogMessage::MergeFrom': inconsistent dll linkage
  f:\workspace\3d\y3d\include\ylogservice.pb.h(67): note: see previous definition of 'MergeFrom'
f:\workspace\3d\y3d\serviceimpl\ylogservice.pb.cc(292): warning C4273: 'y3d::LogMessage::MergeFrom': inconsistent dll linkage
  f:\workspace\3d\y3d\include\ylogservice.pb.h(69): note: see previous definition of 'MergeFrom'
f:\workspace\3d\y3d\serviceimpl\ylogservice.pb.cc(303): warning C4273: 'y3d::LogMessage::CopyFrom': inconsistent dll linkage
  f:\workspace\3d\y3d\include\ylogservice.pb.h(66): note: see previous definition of 'CopyFrom'
f:\workspace\3d\y3d\serviceimpl\ylogservice.pb.cc(310): warning C4273: 'y3d::LogMessage::CopyFrom': inconsistent dll linkage
  f:\workspace\3d\y3d\include\ylogservice.pb.h(68): note: see previous definition of 'CopyFrom'
f:\workspace\3d\y3d\serviceimpl\ylogservice.pb.cc(317): warning C4273: 'y3d::LogMessage::IsInitialized': inconsistent dll linkage
  f:\workspace\3d\y3d\include\ylogservice.pb.h(71): note: see previous definition of 'IsInitialized'
f:\workspace\3d\y3d\serviceimpl\ylogservice.pb.cc(322): warning C4273: 'y3d::LogMessage::Swap': inconsistent dll linkage
  f:\workspace\3d\y3d\include\ylogservice.pb.h(59): note: see previous definition of 'Swap'
f:\workspace\3d\y3d\serviceimpl\ylogservice.pb.cc(326): warning C4273: 'y3d::LogMessage::InternalSwap': inconsistent dll linkage
  f:\workspace\3d\y3d\include\ylogservice.pb.h(88): note: see previous definition of 'InternalSwap'
f:\workspace\3d\y3d\serviceimpl\ylogservice.pb.cc(332): warning C4273: 'y3d::LogMessage::GetMetadata': inconsistent dll linkage
  f:\workspace\3d\y3d\include\ylogservice.pb.h(98): note: see previous definition of 'GetMetadata'
