C:\PROGRAM FILES\AUTODESK\3DS MAX 2015 SDK\MAXSDK\HOWTO\MYFP\OBJ\X64\RELEASE\DLLENTRY.OBJ
C:\PROGRAM FILES\AUTODESK\3DS MAX 2015 SDK\MAXSDK\HOWTO\MYFP\OBJ\X64\RELEASE\MYFP.OBJ
C:\PROGRAM FILES\AUTODESK\3DS MAX 2015 SDK\MAXSDK\HOWTO\MYFP\OBJ\X64\RELEASE\VC110.PDB
C:\PROGRAM FILES\AUTODESK\3DS MAX 2015\PLUGINS\MYFP.GUP
C:\PROGRAM FILES\AUTODESK\3DS MAX 2015\PLUGINS\MYFP.GUP.PDB
C:\Program Files\Autodesk\3ds Max 2015 SDK\maxsdk\howto\myFP\obj\x64\Release\myFP.lib
C:\Program Files\Autodesk\3ds Max 2015 SDK\maxsdk\howto\myFP\obj\x64\Release\myFP.exp
C:\PROGRAM FILES\AUTODESK\3DS MAX 2015 SDK\MAXSDK\HOWTO\MYFP\OBJ\X64\RELEASE\MYFP.RES
C:\Program Files\Autodesk\3ds Max 2015 SDK\maxsdk\howto\myFP\obj\x64\Release\DllEntry.obj
C:\Program Files\Autodesk\3ds Max 2015 SDK\maxsdk\howto\myFP\obj\x64\Release\myFP.obj
C:\Program Files\Autodesk\3ds Max 2015 SDK\maxsdk\howto\myFP\obj\x64\Release\CL.7912.read.1.tlog
C:\Program Files\Autodesk\3ds Max 2015 SDK\maxsdk\howto\myFP\obj\x64\Release\CL.7912.write.1.tlog
C:\Program Files\Autodesk\3ds Max 2015 SDK\maxsdk\howto\myFP\obj\x64\Release\CL.8108.read.1.tlog
C:\Program Files\Autodesk\3ds Max 2015 SDK\maxsdk\howto\myFP\obj\x64\Release\CL.8108.write.1.tlog
C:\Program Files\Autodesk\3ds Max 2015 SDK\maxsdk\howto\myFP\obj\x64\Release\cl.command.1.tlog
C:\Program Files\Autodesk\3ds Max 2015 SDK\maxsdk\howto\myFP\obj\x64\Release\CL.read.1.tlog
C:\Program Files\Autodesk\3ds Max 2015 SDK\maxsdk\howto\myFP\obj\x64\Release\CL.write.1.tlog
C:\Program Files\Autodesk\3ds Max 2015 SDK\maxsdk\howto\myFP\obj\x64\Release\link-cvtres.read.1.tlog
C:\Program Files\Autodesk\3ds Max 2015 SDK\maxsdk\howto\myFP\obj\x64\Release\link-cvtres.write.1.tlog
C:\Program Files\Autodesk\3ds Max 2015 SDK\maxsdk\howto\myFP\obj\x64\Release\link-rc.read.1.tlog
C:\Program Files\Autodesk\3ds Max 2015 SDK\maxsdk\howto\myFP\obj\x64\Release\link-rc.write.1.tlog
C:\Program Files\Autodesk\3ds Max 2015 SDK\maxsdk\howto\myFP\obj\x64\Release\link.command.1.tlog
C:\Program Files\Autodesk\3ds Max 2015 SDK\maxsdk\howto\myFP\obj\x64\Release\link.read.1.tlog
C:\Program Files\Autodesk\3ds Max 2015 SDK\maxsdk\howto\myFP\obj\x64\Release\link.write.1.tlog
C:\Program Files\Autodesk\3ds Max 2015 SDK\maxsdk\howto\myFP\obj\x64\Release\myFP.write.1.tlog
C:\Program Files\Autodesk\3ds Max 2015 SDK\maxsdk\howto\myFP\obj\x64\Release\rc.command.1.tlog
C:\Program Files\Autodesk\3ds Max 2015 SDK\maxsdk\howto\myFP\obj\x64\Release\rc.read.1.tlog
C:\Program Files\Autodesk\3ds Max 2015 SDK\maxsdk\howto\myFP\obj\x64\Release\rc.write.1.tlog
C:\Program Files\Autodesk\3ds Max 2015 SDK\maxsdk\howto\myFP\obj\x64\Release\myFP.res
C:\Program Files\Autodesk\3ds Max 2015 SDK\maxsdk\howto\myFP\obj\x64\Release\vc110.pdb
C:\Program Files\Autodesk\3ds Max 2015\plugins\myFP.gup
