  DllEntry.cpp
  ImportCap.cpp
c:\program files (x86)\cap'n proto\include\kj\common.h(754): warning C4100: '__p': unreferenced formal parameter (compiling source file DllEntry.cpp)
c:\program files (x86)\cap'n proto\include\kj\common.h(754): warning C4100: '__p': unreferenced formal parameter (compiling source file ImportCap.cpp)
c:\program files (x86)\cap'n proto\include\kj\memory.h(92): warning C4100: 'pointer': unreferenced formal parameter (compiling source file ImportCap.cpp)
c:\program files (x86)\cap'n proto\include\kj\memory.h(92): warning C4100: 'pointer': unreferenced formal parameter (compiling source file DllEntry.cpp)
c:\program files (x86)\cap'n proto\include\kj\std\iostream.h(73): warning C4100: 'minBytes': unreferenced formal parameter (compiling source file DllEntry.cpp)
c:\program files (x86)\cap'n proto\include\kj\std\iostream.h(73): warning C4100: 'minBytes': unreferenced formal parameter (compiling source file ImportCap.cpp)
c:\program files (x86)\cap'n proto\include\capnp\common.h(62): warning C4100: 'other': unreferenced formal parameter (compiling source file ImportCap.cpp)
c:\program files (x86)\cap'n proto\include\capnp\common.h(62): warning C4100: 'other': unreferenced formal parameter (compiling source file DllEntry.cpp)
c:\program files (x86)\cap'n proto\include\capnp\common.h(63): warning C4100: 'other': unreferenced formal parameter (compiling source file ImportCap.cpp)
c:\program files (x86)\cap'n proto\include\capnp\common.h(63): warning C4100: 'other': unreferenced formal parameter (compiling source file DllEntry.cpp)
c:\program files (x86)\cap'n proto\include\capnp\layout.h(565): warning C4267: 'initializing': conversion from 'size_t' to 'capnp::BitCount32', possible loss of data (compiling source file ImportCap.cpp)
c:\program files (x86)\cap'n proto\include\capnp\layout.h(565): warning C4267: 'initializing': conversion from 'size_t' to 'capnp::BitCount32', possible loss of data (compiling source file DllEntry.cpp)
c:\program files (x86)\cap'n proto\include\capnp\layout.h(973): warning C4100: 'offset': unreferenced formal parameter (compiling source file ImportCap.cpp)
c:\program files (x86)\cap'n proto\include\capnp\layout.h(973): warning C4100: 'offset': unreferenced formal parameter (compiling source file DllEntry.cpp)
c:\program files (x86)\cap'n proto\include\capnp\layout.h(990): warning C4100: 'offset': unreferenced formal parameter (compiling source file ImportCap.cpp)
c:\program files (x86)\cap'n proto\include\capnp\layout.h(990): warning C4100: 'offset': unreferenced formal parameter (compiling source file DllEntry.cpp)
c:\program files (x86)\cap'n proto\include\capnp\layout.h(1026): warning C4100: 'value': unreferenced formal parameter (compiling source file ImportCap.cpp)
c:\program files (x86)\cap'n proto\include\capnp\layout.h(1026): warning C4100: 'offset': unreferenced formal parameter (compiling source file ImportCap.cpp)
c:\program files (x86)\cap'n proto\include\capnp\layout.h(1026): warning C4100: 'value': unreferenced formal parameter (compiling source file DllEntry.cpp)
c:\program files (x86)\cap'n proto\include\capnp\layout.h(1026): warning C4100: 'offset': unreferenced formal parameter (compiling source file DllEntry.cpp)
c:\program files (x86)\cap'n proto\include\capnp\layout.h(1057): warning C4100: 'offset': unreferenced formal parameter (compiling source file ImportCap.cpp)
c:\program files (x86)\cap'n proto\include\capnp\layout.h(1057): warning C4100: 'offset': unreferenced formal parameter (compiling source file DllEntry.cpp)
c:\program files (x86)\cap'n proto\include\capnp\layout.h(1082): warning C4100: 'offset': unreferenced formal parameter (compiling source file ImportCap.cpp)
c:\program files (x86)\cap'n proto\include\capnp\layout.h(1082): warning C4100: 'offset': unreferenced formal parameter (compiling source file DllEntry.cpp)
c:\program files (x86)\cap'n proto\include\capnp\layout.h(1126): warning C4100: 'index': unreferenced formal parameter (compiling source file ImportCap.cpp)
c:\program files (x86)\cap'n proto\include\capnp\layout.h(1126): warning C4100: 'index': unreferenced formal parameter (compiling source file DllEntry.cpp)
c:\program files (x86)\cap'n proto\include\capnp\layout.h(1158): warning C4100: 'value': unreferenced formal parameter (compiling source file ImportCap.cpp)
c:\program files (x86)\cap'n proto\include\capnp\layout.h(1158): warning C4100: 'index': unreferenced formal parameter (compiling source file ImportCap.cpp)
c:\program files (x86)\cap'n proto\include\capnp\layout.h(1158): warning C4100: 'value': unreferenced formal parameter (compiling source file DllEntry.cpp)
c:\program files (x86)\cap'n proto\include\capnp\layout.h(1158): warning C4100: 'index': unreferenced formal parameter (compiling source file DllEntry.cpp)
c:\program files (x86)\cap'n proto\include\capnp\layout.h(1183): warning C4100: 'index': unreferenced formal parameter (compiling source file ImportCap.cpp)
c:\program files (x86)\cap'n proto\include\capnp\layout.h(1183): warning C4100: 'index': unreferenced formal parameter (compiling source file DllEntry.cpp)
c:\program files (x86)\cap'n proto\include\capnp\any.h(929): warning C4100: 'defaultBytes': unreferenced formal parameter (compiling source file ImportCap.cpp)
c:\program files (x86)\cap'n proto\include\capnp\any.h(929): warning C4100: 'defaultBytes': unreferenced formal parameter (compiling source file DllEntry.cpp)
c:\program files (x86)\cap'n proto\include\capnp\any.h(928): warning C4100: 'defaultValue': unreferenced formal parameter (compiling source file ImportCap.cpp)
c:\program files (x86)\cap'n proto\include\capnp\any.h(928): warning C4100: 'defaultValue': unreferenced formal parameter (compiling source file DllEntry.cpp)
c:\program files (x86)\cap'n proto\include\capnp\any.h(934): warning C4100: 'defaultBytes': unreferenced formal parameter (compiling source file ImportCap.cpp)
c:\program files (x86)\cap'n proto\include\capnp\any.h(934): warning C4100: 'defaultBytes': unreferenced formal parameter (compiling source file DllEntry.cpp)
c:\program files (x86)\cap'n proto\include\capnp\any.h(933): warning C4100: 'defaultValue': unreferenced formal parameter (compiling source file ImportCap.cpp)
c:\program files (x86)\cap'n proto\include\capnp\any.h(933): warning C4100: 'defaultValue': unreferenced formal parameter (compiling source file DllEntry.cpp)
c:\program files (x86)\cap'n proto\include\kj\string-tree.h(92): warning C4100: 's': unreferenced formal parameter (compiling source file ImportCap.cpp)
c:\program files (x86)\cap'n proto\include\kj\string-tree.h(92): warning C4100: 's': unreferenced formal parameter (compiling source file DllEntry.cpp)
c:\program files (x86)\cap'n proto\include\kj\string-tree.h(93): warning C4100: 's': unreferenced formal parameter (compiling source file ImportCap.cpp)
c:\program files (x86)\cap'n proto\include\kj\string-tree.h(93): warning C4100: 's': unreferenced formal parameter (compiling source file DllEntry.cpp)
c:\program files (x86)\cap'n proto\include\kj\string-tree.h(97): warning C4100: 's': unreferenced formal parameter (compiling source file ImportCap.cpp)
c:\program files (x86)\cap'n proto\include\kj\string-tree.h(97): warning C4100: 's': unreferenced formal parameter (compiling source file DllEntry.cpp)
c:\program files (x86)\cap'n proto\include\kj\string-tree.h(98): warning C4100: 's': unreferenced formal parameter (compiling source file ImportCap.cpp)
c:\program files (x86)\cap'n proto\include\kj\string-tree.h(98): warning C4100: 's': unreferenced formal parameter (compiling source file DllEntry.cpp)
c:\program files (x86)\cap'n proto\include\kj\string-tree.h(168): warning C4100: 'branchIndex': unreferenced formal parameter (compiling source file DllEntry.cpp)
c:\program files (x86)\cap'n proto\include\kj\string-tree.h(168): warning C4100: 'branchIndex': unreferenced formal parameter (compiling source file ImportCap.cpp)
c:\program files (x86)\cap'n proto\include\kj\string-tree.h(168): warning C4100: 'pos': unreferenced formal parameter (compiling source file DllEntry.cpp)
c:\program files (x86)\cap'n proto\include\kj\string-tree.h(168): warning C4100: 'pos': unreferenced formal parameter (compiling source file ImportCap.cpp)
c:\users\ducthangho\documents\visual studio 2015\projects\importcap\importcap\importcap.h(181): warning C4100: 'mesh': unreferenced formal parameter (compiling source file DllEntry.cpp)
c:\users\ducthangho\documents\visual studio 2015\projects\importcap\importcap\importcap.h(181): warning C4100: 'mesh': unreferenced formal parameter (compiling source file ImportCap.cpp)
c:\users\ducthangho\documents\visual studio 2015\projects\importcap\importcap\importcap.h(274): warning C4239: nonstandard extension used: 'argument': conversion from 'Point3' to 'Point3 &' (compiling source file DllEntry.cpp)
  c:\users\ducthangho\documents\visual studio 2015\projects\importcap\importcap\importcap.h(274): note: A non-const reference may only be bound to an lvalue (compiling source file DllEntry.cpp)
c:\users\ducthangho\documents\visual studio 2015\projects\importcap\importcap\importcap.h(274): warning C4239: nonstandard extension used: 'argument': conversion from 'Point3' to 'Point3 &' (compiling source file ImportCap.cpp)
  c:\users\ducthangho\documents\visual studio 2015\projects\importcap\importcap\importcap.h(274): note: A non-const reference may only be bound to an lvalue (compiling source file ImportCap.cpp)
c:\users\ducthangho\documents\visual studio 2015\projects\importcap\importcap\importcap.h(285): warning C4239: nonstandard extension used: 'argument': conversion from 'Matrix3' to 'Matrix3 &' (compiling source file DllEntry.cpp)
  c:\users\ducthangho\documents\visual studio 2015\projects\importcap\importcap\importcap.h(285): note: A non-const reference may only be bound to an lvalue (compiling source file DllEntry.cpp)
c:\users\ducthangho\documents\visual studio 2015\projects\importcap\importcap\importcap.h(285): warning C4239: nonstandard extension used: 'argument': conversion from 'Matrix3' to 'Matrix3 &' (compiling source file ImportCap.cpp)
  c:\users\ducthangho\documents\visual studio 2015\projects\importcap\importcap\importcap.h(285): note: A non-const reference may only be bound to an lvalue (compiling source file ImportCap.cpp)
c:\users\ducthangho\documents\visual studio 2015\projects\importcap\importcap\importcap.h(439): warning C4100: 'f': unreferenced formal parameter (compiling source file DllEntry.cpp)
c:\users\ducthangho\documents\visual studio 2015\projects\importcap\importcap\importcap.h(439): warning C4100: 'f': unreferenced formal parameter (compiling source file ImportCap.cpp)
c:\users\ducthangho\documents\visual studio 2015\projects\importcap\importcap\importcap.h(742): warning C4100: 'deg': unreferenced formal parameter (compiling source file DllEntry.cpp)
c:\users\ducthangho\documents\visual studio 2015\projects\importcap\importcap\importcap.h(742): warning C4100: 'f': unreferenced formal parameter (compiling source file DllEntry.cpp)
c:\users\ducthangho\documents\visual studio 2015\projects\importcap\importcap\importcap.h(742): warning C4100: 'deg': unreferenced formal parameter (compiling source file ImportCap.cpp)
c:\users\ducthangho\documents\visual studio 2015\projects\importcap\importcap\importcap.h(742): warning C4100: 'f': unreferenced formal parameter (compiling source file ImportCap.cpp)
c:\users\ducthangho\documents\visual studio 2015\projects\importcap\importcap\importcap.h(769): warning C4100: 'printAll': unreferenced formal parameter (compiling source file DllEntry.cpp)
c:\users\ducthangho\documents\visual studio 2015\projects\importcap\importcap\importcap.h(769): warning C4100: 'in': unreferenced formal parameter (compiling source file DllEntry.cpp)
c:\users\ducthangho\documents\visual studio 2015\projects\importcap\importcap\importcap.h(773): warning C4100: 'in': unreferenced formal parameter (compiling source file DllEntry.cpp)
c:\users\ducthangho\documents\visual studio 2015\projects\importcap\importcap\importcap.h(769): warning C4100: 'printAll': unreferenced formal parameter (compiling source file ImportCap.cpp)
c:\users\ducthangho\documents\visual studio 2015\projects\importcap\importcap\importcap.h(777): warning C4100: 'in': unreferenced formal parameter (compiling source file DllEntry.cpp)
c:\users\ducthangho\documents\visual studio 2015\projects\importcap\importcap\importcap.h(769): warning C4100: 'in': unreferenced formal parameter (compiling source file ImportCap.cpp)
c:\users\ducthangho\documents\visual studio 2015\projects\importcap\importcap\importcap.h(781): warning C4100: 'in': unreferenced formal parameter (compiling source file DllEntry.cpp)
c:\users\ducthangho\documents\visual studio 2015\projects\importcap\importcap\importcap.h(773): warning C4100: 'in': unreferenced formal parameter (compiling source file ImportCap.cpp)
c:\users\ducthangho\documents\visual studio 2015\projects\importcap\importcap\importcap.h(786): warning C4100: 'in': unreferenced formal parameter (compiling source file DllEntry.cpp)
c:\users\ducthangho\documents\visual studio 2015\projects\importcap\importcap\importcap.h(777): warning C4100: 'in': unreferenced formal parameter (compiling source file ImportCap.cpp)
c:\users\ducthangho\documents\visual studio 2015\projects\importcap\importcap\importcap.h(781): warning C4100: 'in': unreferenced formal parameter (compiling source file ImportCap.cpp)
c:\users\ducthangho\documents\visual studio 2015\projects\importcap\importcap\importcap.h(786): warning C4100: 'in': unreferenced formal parameter (compiling source file ImportCap.cpp)
c:\users\ducthangho\documents\visual studio 2015\projects\importcap\importcap\importcap.h(1606): warning C4100: 'isUndo': unreferenced formal parameter (compiling source file DllEntry.cpp)
c:\users\ducthangho\documents\visual studio 2015\projects\importcap\importcap\importcap.h(1606): warning C4100: 'isUndo': unreferenced formal parameter (compiling source file ImportCap.cpp)
c:\users\ducthangho\documents\visual studio 2015\projects\importcap\importcap\importcap.h(1644): warning C4100: 'isUndo': unreferenced formal parameter (compiling source file DllEntry.cpp)
c:\users\ducthangho\documents\visual studio 2015\projects\importcap\importcap\importcap.h(1644): warning C4100: 'isUndo': unreferenced formal parameter (compiling source file ImportCap.cpp)
c:\users\ducthangho\documents\visual studio 2015\projects\importcap\importcap\importcap.h(1685): warning C4459: declaration of 'ip' hides global declaration (compiling source file DllEntry.cpp)
  c:\users\ducthangho\documents\visual studio 2015\projects\importcap\importcap\importcap.h(133): note: see declaration of 'ip' (compiling source file DllEntry.cpp)
c:\users\ducthangho\documents\visual studio 2015\projects\importcap\importcap\importcap.h(1685): warning C4459: declaration of 'ip' hides global declaration (compiling source file ImportCap.cpp)
  c:\users\ducthangho\documents\visual studio 2015\projects\importcap\importcap\importcap.h(133): note: see declaration of 'ip' (compiling source file ImportCap.cpp)
c:\users\ducthangho\documents\visual studio 2015\projects\importcap\importcap\importcap.h(1774): warning C4100: 'obj': unreferenced formal parameter (compiling source file DllEntry.cpp)
c:\users\ducthangho\documents\visual studio 2015\projects\importcap\importcap\importcap.h(1774): warning C4100: 'obj': unreferenced formal parameter (compiling source file ImportCap.cpp)
c:\users\ducthangho\documents\visual studio 2015\projects\importcap\importcap\importcap.h(1779): warning C4100: 'obj': unreferenced formal parameter (compiling source file DllEntry.cpp)
c:\users\ducthangho\documents\visual studio 2015\projects\importcap\importcap\importcap.h(1779): warning C4100: 'obj': unreferenced formal parameter (compiling source file ImportCap.cpp)
c:\users\ducthangho\documents\visual studio 2015\projects\importcap\importcap\importcap.h(1923): warning C4189: 'deleteIt': local variable is initialized but not referenced (compiling source file DllEntry.cpp)
c:\users\ducthangho\documents\visual studio 2015\projects\importcap\importcap\importcap.h(1923): warning C4189: 'deleteIt': local variable is initialized but not referenced (compiling source file ImportCap.cpp)
c:\users\ducthangho\documents\visual studio 2015\projects\importcap\importcap\importcap.h(2231): warning C4456: declaration of 'p' hides previous local declaration (compiling source file DllEntry.cpp)
  c:\users\ducthangho\documents\visual studio 2015\projects\importcap\importcap\importcap.h(2221): note: see declaration of 'p' (compiling source file DllEntry.cpp)
c:\users\ducthangho\documents\visual studio 2015\projects\importcap\importcap\importcap.h(2231): warning C4456: declaration of 'p' hides previous local declaration (compiling source file ImportCap.cpp)
  c:\users\ducthangho\documents\visual studio 2015\projects\importcap\importcap\importcap.h(2221): note: see declaration of 'p' (compiling source file ImportCap.cpp)
c:\users\ducthangho\documents\visual studio 2015\projects\importcap\importcap\importcap.h(2238): warning C4456: declaration of 'tm' hides previous local declaration (compiling source file DllEntry.cpp)
  c:\users\ducthangho\documents\visual studio 2015\projects\importcap\importcap\importcap.h(2218): note: see declaration of 'tm' (compiling source file DllEntry.cpp)
c:\users\ducthangho\documents\visual studio 2015\projects\importcap\importcap\importcap.h(2238): warning C4456: declaration of 'tm' hides previous local declaration (compiling source file ImportCap.cpp)
  c:\users\ducthangho\documents\visual studio 2015\projects\importcap\importcap\importcap.h(2218): note: see declaration of 'tm' (compiling source file ImportCap.cpp)
c:\users\ducthangho\documents\visual studio 2015\projects\importcap\importcap\importcap.h(2223): warning C4189: 'obj': local variable is initialized but not referenced (compiling source file DllEntry.cpp)
c:\users\ducthangho\documents\visual studio 2015\projects\importcap\importcap\importcap.h(2223): warning C4189: 'obj': local variable is initialized but not referenced (compiling source file ImportCap.cpp)
c:\users\ducthangho\documents\visual studio 2015\projects\importcap\importcap\importcap.h(2406): warning C4457: declaration of 'm' hides function parameter (compiling source file DllEntry.cpp)
  c:\users\ducthangho\documents\visual studio 2015\projects\importcap\importcap\importcap.h(2374): note: see declaration of 'm' (compiling source file DllEntry.cpp)
c:\users\ducthangho\documents\visual studio 2015\projects\importcap\importcap\importcap.h(2406): warning C4457: declaration of 'm' hides function parameter (compiling source file ImportCap.cpp)
  c:\users\ducthangho\documents\visual studio 2015\projects\importcap\importcap\importcap.h(2374): note: see declaration of 'm' (compiling source file ImportCap.cpp)
c:\users\ducthangho\documents\visual studio 2015\projects\importcap\importcap\importcap.h(2407): warning C4456: declaration of 'i' hides previous local declaration (compiling source file DllEntry.cpp)
  c:\users\ducthangho\documents\visual studio 2015\projects\importcap\importcap\importcap.h(2381): note: see declaration of 'i' (compiling source file DllEntry.cpp)
c:\users\ducthangho\documents\visual studio 2015\projects\importcap\importcap\importcap.h(2407): warning C4456: declaration of 'i' hides previous local declaration (compiling source file ImportCap.cpp)
  c:\users\ducthangho\documents\visual studio 2015\projects\importcap\importcap\importcap.h(2381): note: see declaration of 'i' (compiling source file ImportCap.cpp)
c:\users\ducthangho\documents\visual studio 2015\projects\importcap\importcap\importcap.h(2428): warning C4456: declaration of 'i' hides previous local declaration (compiling source file DllEntry.cpp)
  c:\users\ducthangho\documents\visual studio 2015\projects\importcap\importcap\importcap.h(2381): note: see declaration of 'i' (compiling source file DllEntry.cpp)
c:\users\ducthangho\documents\visual studio 2015\projects\importcap\importcap\importcap.h(2428): warning C4456: declaration of 'i' hides previous local declaration (compiling source file ImportCap.cpp)
  c:\users\ducthangho\documents\visual studio 2015\projects\importcap\importcap\importcap.h(2381): note: see declaration of 'i' (compiling source file ImportCap.cpp)
c:\users\ducthangho\documents\visual studio 2015\projects\importcap\importcap\importcap.h(3187): warning C4189: 'obj': local variable is initialized but not referenced (compiling source file DllEntry.cpp)
c:\users\ducthangho\documents\visual studio 2015\projects\importcap\importcap\importcap.h(3187): warning C4189: 'obj': local variable is initialized but not referenced (compiling source file ImportCap.cpp)
c:\users\ducthangho\documents\visual studio 2015\projects\importcap\importcap\importcap.h(3193): warning C4100: 'options': unreferenced formal parameter (compiling source file DllEntry.cpp)
c:\users\ducthangho\documents\visual studio 2015\projects\importcap\importcap\importcap.h(3200): warning C4189: 'obj': local variable is initialized but not referenced (compiling source file DllEntry.cpp)
c:\users\ducthangho\documents\visual studio 2015\projects\importcap\importcap\importcap.h(3193): warning C4100: 'options': unreferenced formal parameter (compiling source file ImportCap.cpp)
c:\users\ducthangho\documents\visual studio 2015\projects\importcap\importcap\importcap.h(3200): warning C4189: 'obj': local variable is initialized but not referenced (compiling source file ImportCap.cpp)
c:\users\ducthangho\documents\visual studio 2015\projects\importcap\importcap\importcap.h(3218): warning C4189: 'obj': local variable is initialized but not referenced (compiling source file DllEntry.cpp)
c:\users\ducthangho\documents\visual studio 2015\projects\importcap\importcap\importcap.h(3218): warning C4189: 'obj': local variable is initialized but not referenced (compiling source file ImportCap.cpp)
c:\users\ducthangho\documents\visual studio 2015\projects\importcap\importcap\importcap.h(3238): warning C4189: 'obj': local variable is initialized but not referenced (compiling source file DllEntry.cpp)
c:\users\ducthangho\documents\visual studio 2015\projects\importcap\importcap\importcap.h(3238): warning C4189: 'obj': local variable is initialized but not referenced (compiling source file ImportCap.cpp)
c:\users\ducthangho\documents\visual studio 2015\projects\importcap\importcap\importcap.h(3257): warning C4189: 'obj': local variable is initialized but not referenced (compiling source file DllEntry.cpp)
c:\users\ducthangho\documents\visual studio 2015\projects\importcap\importcap\importcap.h(3257): warning C4189: 'obj': local variable is initialized but not referenced (compiling source file ImportCap.cpp)
  c:\users\ducthangho\documents\visual studio 2015\projects\importcap\importcap\dllentry.cpp(78): TODO: Perform initialization here.
  c:\users\ducthangho\documents\visual studio 2015\projects\importcap\importcap\dllentry.cpp(87): TODO: Perform un-initialization here.
  c:\users\ducthangho\documents\visual studio 2015\projects\importcap\importcap\importcap.cpp(100): TODO: Returns the number of file name extensions supported by the plug-in.
  c:\users\ducthangho\documents\visual studio 2015\projects\importcap\importcap\importcap.cpp(106): TODO: Return the 'i-th' file name extension (i.e. "3DS").
  c:\users\ducthangho\documents\visual studio 2015\projects\importcap\importcap\importcap.cpp(112): TODO: Return long ASCII description (i.e. "Targa 2.0 Image File")
  c:\users\ducthangho\documents\visual studio 2015\projects\importcap\importcap\importcap.cpp(118): TODO: Return short ASCII description (i.e. "Targa")
  c:\users\ducthangho\documents\visual studio 2015\projects\importcap\importcap\importcap.cpp(124): TODO: Return ASCII Author name
  c:\users\ducthangho\documents\visual studio 2015\projects\importcap\importcap\importcap.cpp(130): TODO: Return ASCII Copyright message
  c:\users\ducthangho\documents\visual studio 2015\projects\importcap\importcap\importcap.cpp(148): TODO: Return Version number * 100 (i.e. v3.01 = 301)
  c:\users\ducthangho\documents\visual studio 2015\projects\importcap\importcap\importcap.cpp(159): TODO: Implement the actual file import here and
  c:\users\ducthangho\documents\visual studio 2015\projects\importcap\importcap\importcap.cpp(167): TODO: return TRUE If the file is imported properly
c:\users\ducthangho\documents\visual studio 2015\projects\importcap\importcap\importcap.cpp(157): warning C4100: 'suppressPrompts': unreferenced formal parameter
c:\users\ducthangho\documents\visual studio 2015\projects\importcap\importcap\importcap.cpp(177): warning C4189: 'lopts': local variable is initialized but not referenced
c:\program files (x86)\cap'n proto\include\capnp\pointer-helpers.h(88): warning C4267: 'argument': conversion from 'size_t' to 'capnp::uint', possible loss of data (compiling source file DllEntry.cpp)
  c:\program files (x86)\cap'n proto\include\capnp\pointer-helpers.h(87): note: while compiling class template member function 'void capnp::_::PointerHelpers<capnp::List<capnp::Text,capnp::Kind::BLOB>,capnp::Kind::LIST>::set(capnp::_::PointerBuilder,kj::ArrayPtr<const capnp::Text::Reader>)' (compiling source file DllEntry.cpp)
  c:\users\ducthangho\documents\visual studio 2015\projects\importcap\importcap\3d.capnp.h(3114): note: see reference to function template instantiation 'void capnp::_::PointerHelpers<capnp::List<capnp::Text,capnp::Kind::BLOB>,capnp::Kind::LIST>::set(capnp::_::PointerBuilder,kj::ArrayPtr<const capnp::Text::Reader>)' being compiled (compiling source file DllEntry.cpp)
  c:\users\ducthangho\documents\visual studio 2015\projects\importcap\importcap\3d.capnp.h(3102): note: see reference to class template instantiation 'capnp::_::PointerHelpers<capnp::List<capnp::Text,capnp::Kind::BLOB>,capnp::Kind::LIST>' being compiled (compiling source file DllEntry.cpp)
c:\program files (x86)\cap'n proto\include\capnp\pointer-helpers.h(88): warning C4267: 'argument': conversion from 'size_t' to 'capnp::uint', possible loss of data (compiling source file ImportCap.cpp)
  c:\program files (x86)\cap'n proto\include\capnp\pointer-helpers.h(87): note: while compiling class template member function 'void capnp::_::PointerHelpers<capnp::List<capnp::Text,capnp::Kind::BLOB>,capnp::Kind::LIST>::set(capnp::_::PointerBuilder,kj::ArrayPtr<const capnp::Text::Reader>)' (compiling source file ImportCap.cpp)
  c:\users\ducthangho\documents\visual studio 2015\projects\importcap\importcap\3d.capnp.h(3114): note: see reference to function template instantiation 'void capnp::_::PointerHelpers<capnp::List<capnp::Text,capnp::Kind::BLOB>,capnp::Kind::LIST>::set(capnp::_::PointerBuilder,kj::ArrayPtr<const capnp::Text::Reader>)' being compiled (compiling source file ImportCap.cpp)
  c:\users\ducthangho\documents\visual studio 2015\projects\importcap\importcap\3d.capnp.h(3102): note: see reference to class template instantiation 'capnp::_::PointerHelpers<capnp::List<capnp::Text,capnp::Kind::BLOB>,capnp::Kind::LIST>' being compiled (compiling source file ImportCap.cpp)
c:\program files (x86)\cap'n proto\include\kj\common.h(519): warning C4245: 'return': conversion from 'int' to 'unsigned char', signed/unsigned mismatch (compiling source file DllEntry.cpp)
  c:\program files (x86)\cap'n proto\include\kj\common.h(526): note: see reference to function template instantiation 'T kj::MaxValue_::maxUnsigned<unsigned char>(void) const' being compiled
          with
          [
              T=unsigned char
          ] (compiling source file DllEntry.cpp)
c:\program files (x86)\cap'n proto\include\kj\common.h(519): warning C4245: 'return': conversion from 'int' to 'unsigned short', signed/unsigned mismatch (compiling source file DllEntry.cpp)
  c:\program files (x86)\cap'n proto\include\kj\common.h(527): note: see reference to function template instantiation 'T kj::MaxValue_::maxUnsigned<unsigned short>(void) const' being compiled
          with
          [
              T=unsigned short
          ] (compiling source file DllEntry.cpp)
c:\program files (x86)\cap'n proto\include\kj\common.h(519): warning C4245: 'return': conversion from 'int' to 'unsigned char', signed/unsigned mismatch (compiling source file ImportCap.cpp)
  c:\program files (x86)\cap'n proto\include\kj\common.h(526): note: see reference to function template instantiation 'T kj::MaxValue_::maxUnsigned<unsigned char>(void) const' being compiled
          with
          [
              T=unsigned char
          ] (compiling source file ImportCap.cpp)
c:\program files (x86)\cap'n proto\include\kj\common.h(519): warning C4245: 'return': conversion from 'int' to 'unsigned short', signed/unsigned mismatch (compiling source file ImportCap.cpp)
  c:\program files (x86)\cap'n proto\include\kj\common.h(527): note: see reference to function template instantiation 'T kj::MaxValue_::maxUnsigned<unsigned short>(void) const' being compiled
          with
          [
              T=unsigned short
          ] (compiling source file ImportCap.cpp)
c:\users\ducthangho\documents\visual studio 2015\projects\importcap\importcap\importcap.h(1789): warning C4459: declaration of 'ip' hides global declaration (compiling source file DllEntry.cpp)
  c:\users\ducthangho\documents\visual studio 2015\projects\importcap\importcap\importcap.h(133): note: see declaration of 'ip' (compiling source file DllEntry.cpp)
  c:\users\ducthangho\documents\visual studio 2015\projects\importcap\importcap\importcap.h(1937): note: see reference to function template instantiation 'void CollapseToType<PolyObject>(INode *)' being compiled (compiling source file DllEntry.cpp)
c:\users\ducthangho\documents\visual studio 2015\projects\importcap\importcap\importcap.h(1789): warning C4459: declaration of 'ip' hides global declaration (compiling source file ImportCap.cpp)
  c:\users\ducthangho\documents\visual studio 2015\projects\importcap\importcap\importcap.h(133): note: see declaration of 'ip' (compiling source file ImportCap.cpp)
  c:\users\ducthangho\documents\visual studio 2015\projects\importcap\importcap\importcap.h(1937): note: see reference to function template instantiation 'void CollapseToType<PolyObject>(INode *)' being compiled (compiling source file ImportCap.cpp)
c:\users\ducthangho\documents\visual studio 2015\projects\importcap\importcap\importcap.h(1768): warning C4100: 'obj': unreferenced formal parameter (compiling source file DllEntry.cpp)
  c:\users\ducthangho\documents\visual studio 2015\projects\importcap\importcap\importcap.h(1839): note: see reference to function template instantiation 'Class_ID getClassID<ObjectType>(ObjectType *)' being compiled
          with
          [
              ObjectType=TriObject
          ] (compiling source file DllEntry.cpp)
  c:\users\ducthangho\documents\visual studio 2015\projects\importcap\importcap\importcap.h(1960): note: see reference to function template instantiation 'void CollapseToType<TriObject>(INode *)' being compiled (compiling source file DllEntry.cpp)
c:\users\ducthangho\documents\visual studio 2015\projects\importcap\importcap\importcap.h(1768): warning C4100: 'obj': unreferenced formal parameter (compiling source file ImportCap.cpp)
  c:\users\ducthangho\documents\visual studio 2015\projects\importcap\importcap\importcap.h(1839): note: see reference to function template instantiation 'Class_ID getClassID<ObjectType>(ObjectType *)' being compiled
          with
          [
              ObjectType=TriObject
          ] (compiling source file ImportCap.cpp)
  c:\users\ducthangho\documents\visual studio 2015\projects\importcap\importcap\importcap.h(1960): note: see reference to function template instantiation 'void CollapseToType<TriObject>(INode *)' being compiled (compiling source file ImportCap.cpp)
c:\users\ducthangho\documents\visual studio 2015\projects\importcap\importcap\importcap.h(1005): warning C4267: '=': conversion from 'size_t' to 'int', possible loss of data (compiling source file DllEntry.cpp)
  c:\users\ducthangho\documents\visual studio 2015\projects\importcap\importcap\importcap.h(1452): note: see reference to function template instantiation 'void loadUVW<format3d::MNMap::Reader,MNMap>(MNMAP_IN &,MNMAP_OUT &)' being compiled
          with
          [
              MNMAP_IN=format3d::MNMap::Reader,
              MNMAP_OUT=MNMap
          ] (compiling source file DllEntry.cpp)
  c:\users\ducthangho\documents\visual studio 2015\projects\importcap\importcap\importcap.h(2277): note: see reference to function template instantiation 'void readMesh<MNMesh,format3d::Mesh::Reader>(M &,Message &,Matrix3 &,int)' being compiled
          with
          [
              M=MNMesh,
              Message=format3d::Mesh::Reader
          ] (compiling source file DllEntry.cpp)
c:\users\ducthangho\documents\visual studio 2015\projects\importcap\importcap\importcap.h(1010): warning C4456: declaration of 'idx' hides previous local declaration (compiling source file DllEntry.cpp)
  c:\users\ducthangho\documents\visual studio 2015\projects\importcap\importcap\importcap.h(996): note: see declaration of 'idx' (compiling source file DllEntry.cpp)
c:\users\ducthangho\documents\visual studio 2015\projects\importcap\importcap\importcap.h(979): warning C4189: 'item': local variable is initialized but not referenced (compiling source file DllEntry.cpp)
c:\users\ducthangho\documents\visual studio 2015\projects\importcap\importcap\importcap.h(1014): warning C4189: 'item': local variable is initialized but not referenced (compiling source file DllEntry.cpp)
c:\users\ducthangho\documents\visual studio 2015\projects\importcap\importcap\importcap.h(1005): warning C4267: '=': conversion from 'size_t' to 'int', possible loss of data (compiling source file ImportCap.cpp)
  c:\users\ducthangho\documents\visual studio 2015\projects\importcap\importcap\importcap.h(1452): note: see reference to function template instantiation 'void loadUVW<format3d::MNMap::Reader,MNMap>(MNMAP_IN &,MNMAP_OUT &)' being compiled
          with
          [
              MNMAP_IN=format3d::MNMap::Reader,
              MNMAP_OUT=MNMap
          ] (compiling source file ImportCap.cpp)
  c:\users\ducthangho\documents\visual studio 2015\projects\importcap\importcap\importcap.h(2277): note: see reference to function template instantiation 'void readMesh<MNMesh,format3d::Mesh::Reader>(M &,Message &,Matrix3 &,int)' being compiled
          with
          [
              M=MNMesh,
              Message=format3d::Mesh::Reader
          ] (compiling source file ImportCap.cpp)
c:\users\ducthangho\documents\visual studio 2015\projects\importcap\importcap\importcap.h(1010): warning C4456: declaration of 'idx' hides previous local declaration (compiling source file ImportCap.cpp)
  c:\users\ducthangho\documents\visual studio 2015\projects\importcap\importcap\importcap.h(996): note: see declaration of 'idx' (compiling source file ImportCap.cpp)
c:\users\ducthangho\documents\visual studio 2015\projects\importcap\importcap\importcap.h(979): warning C4189: 'item': local variable is initialized but not referenced (compiling source file ImportCap.cpp)
c:\users\ducthangho\documents\visual studio 2015\projects\importcap\importcap\importcap.h(1014): warning C4189: 'item': local variable is initialized but not referenced (compiling source file ImportCap.cpp)
c:\users\ducthangho\documents\visual studio 2015\projects\importcap\importcap\importcap.h(3017): warning C4459: declaration of 'ip' hides global declaration (compiling source file DllEntry.cpp)
  c:\users\ducthangho\documents\visual studio 2015\projects\importcap\importcap\importcap.h(133): note: see declaration of 'ip' (compiling source file DllEntry.cpp)
  c:\users\ducthangho\documents\visual studio 2015\projects\importcap\importcap\importcap.h(3141): note: see reference to function template instantiation 'void *load<capnp::FlatArrayMessageReader>(Message &,std::vector<int,std::allocator<_Ty>> *,int)' being compiled
          with
          [
              Message=capnp::FlatArrayMessageReader,
              _Ty=int
          ] (compiling source file DllEntry.cpp)
  c:\users\ducthangho\documents\visual studio 2015\projects\importcap\importcap\importcap.h(3257): note: see reference to function template instantiation 'void *readMessage<std::vector<int,std::allocator<_Ty>>>(char *,Container *,int)' being compiled
          with
          [
              _Ty=int,
              Container=std::vector<int,std::allocator<int>>
          ] (compiling source file DllEntry.cpp)
c:\users\ducthangho\documents\visual studio 2015\projects\importcap\importcap\importcap.h(3017): warning C4459: declaration of 'ip' hides global declaration (compiling source file ImportCap.cpp)
  c:\users\ducthangho\documents\visual studio 2015\projects\importcap\importcap\importcap.h(133): note: see declaration of 'ip' (compiling source file ImportCap.cpp)
  c:\users\ducthangho\documents\visual studio 2015\projects\importcap\importcap\importcap.h(3141): note: see reference to function template instantiation 'void *load<capnp::FlatArrayMessageReader>(Message &,std::vector<int,std::allocator<_Ty>> *,int)' being compiled
          with
          [
              Message=capnp::FlatArrayMessageReader,
              _Ty=int
          ] (compiling source file ImportCap.cpp)
  c:\users\ducthangho\documents\visual studio 2015\projects\importcap\importcap\importcap.h(3257): note: see reference to function template instantiation 'void *readMessage<std::vector<int,std::allocator<_Ty>>>(char *,Container *,int)' being compiled
          with
          [
              _Ty=int,
              Container=std::vector<int,std::allocator<int>>
          ] (compiling source file ImportCap.cpp)
c:\users\ducthangho\documents\visual studio 2015\projects\importcap\importcap\importcap.h(2481): warning C4239: nonstandard extension used: 'argument': conversion from 'format3d::Object::Reader' to 'format3d::Object::Reader &' (compiling source file DllEntry.cpp)
  c:\users\ducthangho\documents\visual studio 2015\projects\importcap\importcap\importcap.h(2481): note: A non-const reference may only be bound to an lvalue (compiling source file DllEntry.cpp)
  c:\users\ducthangho\documents\visual studio 2015\projects\importcap\importcap\importcap.h(3141): note: see reference to function template instantiation 'void *load<capnp::FlatArrayMessageReader>(Message &,INode *,int)' being compiled
          with
          [
              Message=capnp::FlatArrayMessageReader
          ] (compiling source file DllEntry.cpp)
  c:\users\ducthangho\documents\visual studio 2015\projects\importcap\importcap\importcap.h(3187): note: see reference to function template instantiation 'void *readMessage<INode>(char *,Container *,int)' being compiled
          with
          [
              Container=INode
          ] (compiling source file DllEntry.cpp)
c:\users\ducthangho\documents\visual studio 2015\projects\importcap\importcap\importcap.h(2485): warning C4239: nonstandard extension used: 'argument': conversion from 'format3d::Object::Reader' to 'format3d::Object::Reader &' (compiling source file DllEntry.cpp)
  c:\users\ducthangho\documents\visual studio 2015\projects\importcap\importcap\importcap.h(2485): note: A non-const reference may only be bound to an lvalue (compiling source file DllEntry.cpp)
c:\users\ducthangho\documents\visual studio 2015\projects\importcap\importcap\importcap.h(2481): warning C4239: nonstandard extension used: 'argument': conversion from 'format3d::Object::Reader' to 'format3d::Object::Reader &' (compiling source file ImportCap.cpp)
  c:\users\ducthangho\documents\visual studio 2015\projects\importcap\importcap\importcap.h(2481): note: A non-const reference may only be bound to an lvalue (compiling source file ImportCap.cpp)
  c:\users\ducthangho\documents\visual studio 2015\projects\importcap\importcap\importcap.h(3141): note: see reference to function template instantiation 'void *load<capnp::FlatArrayMessageReader>(Message &,INode *,int)' being compiled
          with
          [
              Message=capnp::FlatArrayMessageReader
          ] (compiling source file ImportCap.cpp)
  c:\users\ducthangho\documents\visual studio 2015\projects\importcap\importcap\importcap.h(3187): note: see reference to function template instantiation 'void *readMessage<INode>(char *,Container *,int)' being compiled
          with
          [
              Container=INode
          ] (compiling source file ImportCap.cpp)
c:\users\ducthangho\documents\visual studio 2015\projects\importcap\importcap\importcap.h(2485): warning C4239: nonstandard extension used: 'argument': conversion from 'format3d::Object::Reader' to 'format3d::Object::Reader &' (compiling source file ImportCap.cpp)
  c:\users\ducthangho\documents\visual studio 2015\projects\importcap\importcap\importcap.h(2485): note: A non-const reference may only be bound to an lvalue (compiling source file ImportCap.cpp)
c:\users\ducthangho\documents\visual studio 2015\projects\importcap\importcap\importcap.h(941): warning C4100: 'deg': unreferenced formal parameter (compiling source file DllEntry.cpp)
  c:\users\ducthangho\documents\visual studio 2015\projects\importcap\importcap\importcap.h(987): note: see reference to function template instantiation 'void copyUVFace<capnp::List<int32_t,capnp::Kind::PRIMITIVE>::Reader>(ITEM &,TVFace &,int,int)' being compiled
          with
          [
              ITEM=capnp::List<int32_t,capnp::Kind::PRIMITIVE>::Reader
          ] (compiling source file DllEntry.cpp)
  c:\users\ducthangho\documents\visual studio 2015\projects\importcap\importcap\importcap.h(1452): note: see reference to function template instantiation 'void loadUVW<format3d::MNMap::Reader,MeshMap>(MNMAP_IN &,MNMAP_OUT &)' being compiled
          with
          [
              MNMAP_IN=format3d::MNMap::Reader,
              MNMAP_OUT=MeshMap
          ] (compiling source file DllEntry.cpp)
c:\users\ducthangho\documents\visual studio 2015\projects\importcap\importcap\importcap.h(941): warning C4100: 'deg': unreferenced formal parameter (compiling source file ImportCap.cpp)
  c:\users\ducthangho\documents\visual studio 2015\projects\importcap\importcap\importcap.h(987): note: see reference to function template instantiation 'void copyUVFace<capnp::List<int32_t,capnp::Kind::PRIMITIVE>::Reader>(ITEM &,TVFace &,int,int)' being compiled
          with
          [
              ITEM=capnp::List<int32_t,capnp::Kind::PRIMITIVE>::Reader
          ] (compiling source file ImportCap.cpp)
  c:\users\ducthangho\documents\visual studio 2015\projects\importcap\importcap\importcap.h(1452): note: see reference to function template instantiation 'void loadUVW<format3d::MNMap::Reader,MeshMap>(MNMAP_IN &,MNMAP_OUT &)' being compiled
          with
          [
              MNMAP_IN=format3d::MNMap::Reader,
              MNMAP_OUT=MeshMap
          ] (compiling source file ImportCap.cpp)
c:\users\ducthangho\documents\visual studio 2015\projects\importcap\importcap\importcap.h(2654): warning C4459: declaration of 'ip' hides global declaration (compiling source file DllEntry.cpp)
  c:\users\ducthangho\documents\visual studio 2015\projects\importcap\importcap\importcap.h(133): note: see declaration of 'ip' (compiling source file DllEntry.cpp)
  c:\users\ducthangho\documents\visual studio 2015\projects\importcap\importcap\importcap.h(3052): note: see reference to function template instantiation 'void loadIndices<capnp::List<format3d::Object,capnp::Kind::STRUCT>::Reader,std::vector<int,std::allocator<_Ty>>>(List &,Index &,NodeTabTab *,GroupNames *,int)' being compiled
          with
          [
              _Ty=int,
              List=capnp::List<format3d::Object,capnp::Kind::STRUCT>::Reader,
              Index=std::vector<int,std::allocator<int>>
          ] (compiling source file DllEntry.cpp)
  c:\users\ducthangho\documents\visual studio 2015\projects\importcap\importcap\importcap.h(3141): note: see reference to function template instantiation 'void *load<capnp::FlatArrayMessageReader>(Message &,std::vector<int,std::allocator<_Ty>> *,int)' being compiled
          with
          [
              Message=capnp::FlatArrayMessageReader,
              _Ty=int
          ] (compiling source file DllEntry.cpp)
c:\users\ducthangho\documents\visual studio 2015\projects\importcap\importcap\importcap.h(2654): warning C4459: declaration of 'ip' hides global declaration (compiling source file ImportCap.cpp)
  c:\users\ducthangho\documents\visual studio 2015\projects\importcap\importcap\importcap.h(133): note: see declaration of 'ip' (compiling source file ImportCap.cpp)
  c:\users\ducthangho\documents\visual studio 2015\projects\importcap\importcap\importcap.h(3052): note: see reference to function template instantiation 'void loadIndices<capnp::List<format3d::Object,capnp::Kind::STRUCT>::Reader,std::vector<int,std::allocator<_Ty>>>(List &,Index &,NodeTabTab *,GroupNames *,int)' being compiled
          with
          [
              _Ty=int,
              List=capnp::List<format3d::Object,capnp::Kind::STRUCT>::Reader,
              Index=std::vector<int,std::allocator<int>>
          ] (compiling source file ImportCap.cpp)
  c:\users\ducthangho\documents\visual studio 2015\projects\importcap\importcap\importcap.h(3141): note: see reference to function template instantiation 'void *load<capnp::FlatArrayMessageReader>(Message &,std::vector<int,std::allocator<_Ty>> *,int)' being compiled
          with
          [
              Message=capnp::FlatArrayMessageReader,
              _Ty=int
          ] (compiling source file ImportCap.cpp)
c:\users\ducthangho\documents\visual studio 2015\projects\importcap\importcap\importcap.h(2731): warning C4267: '=': conversion from 'size_t' to 'int', possible loss of data (compiling source file DllEntry.cpp)
c:\users\ducthangho\documents\visual studio 2015\projects\importcap\importcap\importcap.h(2836): warning C4456: declaration of 'prName' hides previous local declaration (compiling source file DllEntry.cpp)
  c:\users\ducthangho\documents\visual studio 2015\projects\importcap\importcap\importcap.h(2663): note: see declaration of 'prName' (compiling source file DllEntry.cpp)
c:\users\ducthangho\documents\visual studio 2015\projects\importcap\importcap\importcap.h(2731): warning C4267: '=': conversion from 'size_t' to 'int', possible loss of data (compiling source file ImportCap.cpp)
c:\users\ducthangho\documents\visual studio 2015\projects\importcap\importcap\importcap.h(2836): warning C4456: declaration of 'prName' hides previous local declaration (compiling source file ImportCap.cpp)
  c:\users\ducthangho\documents\visual studio 2015\projects\importcap\importcap\importcap.h(2663): note: see declaration of 'prName' (compiling source file ImportCap.cpp)
c:\users\ducthangho\documents\visual studio 2015\projects\importcap\importcap\importcap.h(2846): warning C4457: declaration of 'idx' hides function parameter (compiling source file DllEntry.cpp)
  c:\users\ducthangho\documents\visual studio 2015\projects\importcap\importcap\importcap.h(2633): note: see declaration of 'idx' (compiling source file DllEntry.cpp)
c:\users\ducthangho\documents\visual studio 2015\projects\importcap\importcap\importcap.h(2898): warning C4457: declaration of 'idx' hides function parameter (compiling source file DllEntry.cpp)
  c:\users\ducthangho\documents\visual studio 2015\projects\importcap\importcap\importcap.h(2633): note: see declaration of 'idx' (compiling source file DllEntry.cpp)
c:\users\ducthangho\documents\visual studio 2015\projects\importcap\importcap\importcap.h(2846): warning C4457: declaration of 'idx' hides function parameter (compiling source file ImportCap.cpp)
  c:\users\ducthangho\documents\visual studio 2015\projects\importcap\importcap\importcap.h(2633): note: see declaration of 'idx' (compiling source file ImportCap.cpp)
c:\users\ducthangho\documents\visual studio 2015\projects\importcap\importcap\importcap.h(2898): warning C4457: declaration of 'idx' hides function parameter (compiling source file ImportCap.cpp)
  c:\users\ducthangho\documents\visual studio 2015\projects\importcap\importcap\importcap.h(2633): note: see declaration of 'idx' (compiling source file ImportCap.cpp)
c:\users\ducthangho\documents\visual studio 2015\projects\importcap\importcap\importcap.h(2664): warning C4101: 'm': unreferenced local variable (compiling source file DllEntry.cpp)
c:\users\ducthangho\documents\visual studio 2015\projects\importcap\importcap\importcap.h(2835): warning C4189: 'impNode': local variable is initialized but not referenced (compiling source file DllEntry.cpp)
c:\users\ducthangho\documents\visual studio 2015\projects\importcap\importcap\importcap.h(2454): warning C4457: declaration of 'item' hides function parameter (compiling source file DllEntry.cpp)
  c:\users\ducthangho\documents\visual studio 2015\projects\importcap\importcap\importcap.h(2449): note: see declaration of 'item' (compiling source file DllEntry.cpp)
  c:\users\ducthangho\documents\visual studio 2015\projects\importcap\importcap\importcap.h(2484): note: see reference to function template instantiation 'int search<capnp::List<format3d::Object,capnp::Kind::STRUCT>::Reader>(INode &,List &)' being compiled
          with
          [
              List=capnp::List<format3d::Object,capnp::Kind::STRUCT>::Reader
          ] (compiling source file DllEntry.cpp)
  c:\users\ducthangho\documents\visual studio 2015\projects\importcap\importcap\importcap.h(3141): note: see reference to function template instantiation 'void *load<capnp::FlatArrayMessageReader>(Message &,INode *,int)' being compiled
          with
          [
              Message=capnp::FlatArrayMessageReader
          ] (compiling source file DllEntry.cpp)
c:\users\ducthangho\documents\visual studio 2015\projects\importcap\importcap\importcap.h(2664): warning C4101: 'm': unreferenced local variable (compiling source file ImportCap.cpp)
c:\users\ducthangho\documents\visual studio 2015\projects\importcap\importcap\importcap.h(2835): warning C4189: 'impNode': local variable is initialized but not referenced (compiling source file ImportCap.cpp)
c:\users\ducthangho\documents\visual studio 2015\projects\importcap\importcap\importcap.h(2454): warning C4457: declaration of 'item' hides function parameter (compiling source file ImportCap.cpp)
  c:\users\ducthangho\documents\visual studio 2015\projects\importcap\importcap\importcap.h(2449): note: see declaration of 'item' (compiling source file ImportCap.cpp)
  c:\users\ducthangho\documents\visual studio 2015\projects\importcap\importcap\importcap.h(2484): note: see reference to function template instantiation 'int search<capnp::List<format3d::Object,capnp::Kind::STRUCT>::Reader>(INode &,List &)' being compiled
          with
          [
              List=capnp::List<format3d::Object,capnp::Kind::STRUCT>::Reader
          ] (compiling source file ImportCap.cpp)
  c:\users\ducthangho\documents\visual studio 2015\projects\importcap\importcap\importcap.h(3141): note: see reference to function template instantiation 'void *load<capnp::FlatArrayMessageReader>(Message &,INode *,int)' being compiled
          with
          [
              Message=capnp::FlatArrayMessageReader
          ] (compiling source file ImportCap.cpp)
     Creating library C:\Users\ducthangho\Documents\Visual Studio 2015\Projects\ImportCap\ImportCap\\obj\x64\Release\\ImportCap.lib and object C:\Users\ducthangho\Documents\Visual Studio 2015\Projects\ImportCap\ImportCap\\obj\x64\Release\\ImportCap.exp
  Generating code
  Finished generating code
  ImportCap.vcxproj -> C:\Program Files\Autodesk\3ds Max 2015\plugins\ImportCap.dli
  ImportCap.vcxproj -> C:\Program Files\Autodesk\3ds Max 2015\plugins\ImportCap.dli.pdb (Full PDB)
  ==== RunMUIRCT: Start ====
  RunMUIRCT: WARNING - Could not find version info in file: C:\Program Files\Autodesk\3ds Max 2015\plugins\ImportCap.dli
  
  There is no version resource in the file 
  Language neutral file (C:\Program Files\Autodesk\3ds Max 2015\plugins\en-US\ImportCap.dli.ln) successfully created
  MUI file (C:\Program Files\Autodesk\3ds Max 2015\plugins\en-US\ImportCap.dli.mui) successfully created 
  ==== RunMUIRCT: Successs ====
