  ycpp.cpp
c:\program files\autodesk\3ds max 2015 sdk\maxsdk\include\ifnpub.h(1294): warning C4458: declaration of 'type' hides class member
  c:\program files\autodesk\3ds max 2015 sdk\maxsdk\include\ifnpub.h(1152): note: see declaration of 'FPValue::type'
c:\program files\autodesk\3ds max 2015 sdk\maxsdk\include\ifnpub.h(1305): warning C4458: declaration of 'type' hides class member
  c:\program files\autodesk\3ds max 2015 sdk\maxsdk\include\ifnpub.h(1152): note: see declaration of 'FPValue::type'
c:\program files\autodesk\3ds max 2015 sdk\maxsdk\include\inode.h(1736): warning C4458: declaration of 'tm' hides class member
  c:\program files\autodesk\3ds max 2015 sdk\maxsdk\include\inode.h(1718): note: see declaration of 'INodeTransformed::tm'
c:\program files\autodesk\3ds max 2015 sdk\maxsdk\include\inode.h(1746): warning C4458: declaration of 'node' hides class member
  c:\program files\autodesk\3ds max 2015 sdk\maxsdk\include\inode.h(1717): note: see declaration of 'INodeTransformed::node'
c:\program files\autodesk\3ds max 2015 sdk\maxsdk\include\imtl.h(887): warning C4458: declaration of 'c' hides class member
  c:\program files\autodesk\3ds max 2015 sdk\maxsdk\include\imtl.h(803): note: see declaration of 'ShadeOutput::c'
c:\program files\autodesk\3ds max 2015 sdk\maxsdk\include\imtl.h(892): warning C4458: declaration of 'c' hides class member
  c:\program files\autodesk\3ds max 2015 sdk\maxsdk\include\imtl.h(803): note: see declaration of 'ShadeOutput::c'
c:\program files\autodesk\3ds max 2015 sdk\maxsdk\include\control.h(91): warning C4458: declaration of 's' hides class member
  c:\program files\autodesk\3ds max 2015 sdk\maxsdk\include\control.h(78): note: see declaration of 'ScaleValue::s'
c:\program files\autodesk\3ds max 2015 sdk\maxsdk\include\control.h(95): warning C4458: declaration of 's' hides class member
  c:\program files\autodesk\3ds max 2015 sdk\maxsdk\include\control.h(78): note: see declaration of 'ScaleValue::s'
c:\program files\autodesk\3ds max 2015 sdk\maxsdk\include\bitmap.h(1645): warning C4458: declaration of 'bi' hides class member
  c:\program files\autodesk\3ds max 2015 sdk\maxsdk\include\bitmap.h(1566): note: see declaration of 'BitmapIO::bi'
c:\program files\autodesk\3ds max 2015 sdk\maxsdk\include\bitmap.h(1925): warning C4458: declaration of 'bi' hides class member
  c:\program files\autodesk\3ds max 2015 sdk\maxsdk\include\bitmap.h(1566): note: see declaration of 'BitmapIO::bi'
c:\program files\autodesk\3ds max 2015 sdk\maxsdk\include\bitmap.h(1963): warning C4458: declaration of 'bi' hides class member
  c:\program files\autodesk\3ds max 2015 sdk\maxsdk\include\bitmap.h(1566): note: see declaration of 'BitmapIO::bi'
c:\program files\autodesk\3ds max 2015 sdk\maxsdk\include\bitmap.h(2305): warning C4458: declaration of 'type' hides class member
  c:\program files\autodesk\3ds max 2015 sdk\maxsdk\include\bitmap.h(2125): note: see declaration of 'BitmapStorage::type'
c:\program files\autodesk\3ds max 2015 sdk\maxsdk\include\bitmap.h(2319): warning C4458: declaration of 'type' hides class member
  c:\program files\autodesk\3ds max 2015 sdk\maxsdk\include\bitmap.h(2125): note: see declaration of 'BitmapStorage::type'
d:\y3d\code\y3d\ycpp\ycpp.cpp(34): warning C4100: 'info': unreferenced formal parameter
d:\y3d\code\y3d\ycpp\ycpp.cpp(34): warning C4100: 'param': unreferenced formal parameter
d:\y3d\code\y3d\ycpp\ycpp.cpp(39): warning C4100: 'info': unreferenced formal parameter
d:\y3d\code\y3d\ycpp\ycpp.cpp(39): warning C4100: 'param': unreferenced formal parameter
  d:\y3d\code\y3d\ycpp\ycpp.cpp(109): TODO: Do plugin initialization here
  d:\y3d\code\y3d\ycpp\ycpp.cpp(110): TODO: Return if you want remain loaded or not
  d:\y3d\code\y3d\ycpp\ycpp.cpp(116): TODO: Do plugin un-initialization here
     Creating library D:\y3d\code\y3d\ycpp\\obj\x64\Release\\ycpp.lib and object D:\y3d\code\y3d\ycpp\\obj\x64\Release\\ycpp.exp
  ycpp.vcxproj -> C:\Program Files\Autodesk\3ds Max 2015\plugins\ycpp.gup
  ycpp.vcxproj -> C:\Program Files\Autodesk\3ds Max 2015\plugins\ycpp.gup.pdb (Full PDB)
  ==== RunMUIRCT: Start ====
  RunMUIRCT: WARNING - Could not find version info in file: C:\Program Files\Autodesk\3ds Max 2015\plugins\ycpp.gup
  
  There is no version resource in the file 
  Language neutral file (C:\Program Files\Autodesk\3ds Max 2015\plugins\en-US\ycpp.gup.ln) successfully created
  MUI file (C:\Program Files\Autodesk\3ds Max 2015\plugins\en-US\ycpp.gup.mui) successfully created 
  ==== RunMUIRCT: Successs ====
